# 
# Steps log generated by v++
# This log file contains a collection of steps that describe the kernel compilation flow
# Note: Some steps are tagged as internal, these steps are for debugging purposes and 
#       are not expected to be able to run independently.
# 

# The following environment variables are set when running vitis-run
Environment variables :
------------------------------------------
ALLUSERSPROFILE=C:\ProgramData
APPDATA=C:\Users\gameb\AppData\Roaming
arr.length=0
arr.Ubound=-1
CHARPOP=1
CMAKE_OBJECT_PATH_MAX=4096
CommonProgramFiles=C:\Program Files\Common Files
CommonProgramFiles(x86)=C:\Program Files (x86)\Common Files
CommonProgramW6432=C:\Program Files\Common Files
COMPUTERNAME=SI
ComSpec=C:\WINDOWS\system32\cmd.exe
DriverData=C:\Windows\System32\Drivers\DriverData
EFC_13748=1
flutter=C:\Users\gameb\OneDrive\Desktop\code projects\flutter
FPS_BROWSER_APP_PROFILE_STRING=Internet Explorer
FPS_BROWSER_USER_PROFILE_STRING=Default
HDI_APPROOT=C:/fpga/Vitis/2024.2
HDI_PROCESSOR=i686
HOMEDRIVE=C:
HOMEPATH=\Users\gameb
HW_SERVER_DJTG_DISABLE=1
HW_SERVER_FTDIMGR_DISABLE=1
IDE_SKIP_SERVER_LICENSE=1
INT_VARIABLE_NAME=XILINX_PATH
ISL_IOSTREAMS_RSA=C:/fpga/Vitis/2024.2/tps/isl
JAVA_EXE=C:/fpga\Vitis\2024.2\tps\win64\jre11.0.16_1\bin\java.exe
JAVA_HOME=C:/fpga\Vitis\2024.2\tps\win64\jre11.0.16_1
LC_NUMERIC=C
LOCALAPPDATA=C:\Users\gameb\AppData\Local
LOGONSERVER=\\SI
LOPPER_DTC_FLAGS=-b 0 -@
NOSPLASH=false
NUMBER_OF_PROCESSORS=8
OneDrive=C:\Users\gameb\OneDrive
ORIGINAL_XDG_CURRENT_DESKTOP=undefined
OS=Windows_NT
PATH=C:/fpga/Vivado/2024.2/tps/win64/binutils-2.26/bin;C:/fpga/Vitis/2024.2/bin/../gnu/aarch64/nt/aarch64-linux/bin;C:/fpga/Vitis/2024.2/bin/../gnu/ppc64le/4.9.3/win64/bin;C:/fpga/Vitis/2024.2/bin/../gnu/aarch32/nt/gcc-arm-linux-gnueabi/bin;C:/fpga/Vitis/2024.2/tps/mingw/6.2.0/win64.o/nt/bin;C:/fpga/Vivado/2024.2\gnuwin\bin;C:/fpga/Vivado/2024.2\gnu\microblaze\nt\bin;C:/fpga/Vitis/2024.2/bin;C:/fpga/Vitis/2024.2/tps/win64/javafx-sdk-11.0.2/lib;C:/fpga/Vitis/2024.2/tps/win64/javafx-sdk-11.0.2/bin;C:/fpga/Vitis/2024.2/lib/win64.o;C:/fpga/Vitis/2024.2/tps/win64/jre11.0.16_1/bin/server;C:/fpga/Vitis/2024.2/tps/win64/jre11.0.16_1/bin;C:\fpga\Vitis\2024.2\tps\win64\lopper-1.1.0-packages\min_sdk\\usr\bin;C:/fpga\Vitis\2024.2\tps\win64\cmake-3.24.2\bin;C:/fpga\Vitis\2024.2\gnu\microblaze\nt\bin;C:/fpga\Vitis\2024.2\gnu\microblaze\linux_toolchain\nt64_le\bin;C:/fpga\Vitis\2024.2\gnu\aarch32\nt\gcc-arm-linux-gnueabi\bin;C:/fpga\Vitis\2024.2\gnu\aarch32\nt\gcc-arm-none-eabi\bin;C:/fpga\Vitis\2024.2\gnu\aarch64\nt\aarch64-linux\bin;C:/fpga\Vitis\2024.2\gnu\aarch64\nt\aarch64-none\bin;C:/fpga\Vitis\2024.2\gnu\armr5\nt\gcc-arm-none-eabi\bin;C:/fpga\Vitis\2024.2\gnuwin\bin;C:/fpga\Vitis\2024.2\tps\win64\python-3.8.3;C:/fpga\Vitis\2024.2\tps\win64\libxslt\bin;C:/fpga/Vivado/2024.2\bin;C:/fpga/Vitis/2024.2\gnu\arm\nt\bin;C:/fpga/Vitis/2024.2\gnu\microblaze\linux_toolchain\nt64_be\bin;C:/fpga/Vitis/2024.2\gnu\riscv\nt\riscv64-unknown-elf\bin;C:/fpga/Vivado/2024.2\tps\win64\python-3.8.3;C:/fpga/Vivado/2024.2\tps\win64\git-2.45.0\bin;C:/fpga/Vivado/2024.2\tps\win64\cmake-3.24.2\bin;C:/fpga/Vitis/2024.2\win64\tools\clang\bin;C:\windows\system32;C:\windows;C:\windows\System32\Wbem;C:\windows\System32\WindowsPowerShell\v1.0\;C:\windows\System32\OpenSSH\;C:\Program Files\dotnet\;C:\Program Files\Docker\Docker\resources\bin;C:\Program Files\Git\cmd;C:\Users\gameb\AppData\Local\Microsoft\WindowsApps;C:\Users\gameb\AppData\Local\Programs\Microsoft VS Code\bin;C:\Users\gameb\OneDrive\Desktop\code projects\flutter\bin;C:/fpga/Vitis/2024.2\tps\mingw\6.2.0\win64.o\nt\bin;C:/fpga/Vitis/2024.2\tps\mingw\6.2.0\win64.o\nt\libexec\gcc\x86_64-w64-mingw32\6.2.0
PATHEXT=.COM;.EXE;.BAT;.CMD;.VBS;.VBE;.JS;.JSE;.WSF;.WSH;.MSC
PROCESSOR_ARCHITECTURE=AMD64
PROCESSOR_IDENTIFIER=Intel64 Family 6 Model 140 Stepping 1, GenuineIntel
PROCESSOR_LEVEL=6
PROCESSOR_REVISION=8c01
PRODVERSION_EXE=C:/fpga/Vitis/2024.2/bin/unwrapped/win64.o/prodversion.exe
ProgramData=C:\ProgramData
ProgramFiles=C:\Program Files
ProgramFiles(x86)=C:\Program Files (x86)
ProgramW6432=C:\Program Files
PROMPT=$P$G
PSModulePath=%ProgramFiles%\WindowsPowerShell\Modules;C:\WINDOWS\system32\WindowsPowerShell\v1.0\Modules
PUBLIC=C:\Users\Public
PYTHONPATH=;C:/fpga/Vitis/2024.2\cli;C:/fpga/Vitis/2024.2\cli\python-packages\win64;C:/fpga/Vitis/2024.2\cli\python-packages\site-packages;C:/fpga/Vitis/2024.2\cli\proto;C:/fpga/Vitis/2024.2\scripts\python_pkg;
python_path=;C:/fpga/Vitis/2024.2\cli;C:/fpga/Vitis/2024.2\cli\python-packages\win64;C:/fpga/Vitis/2024.2\cli\python-packages\site-packages;C:/fpga/Vitis/2024.2\cli\proto;C:/fpga/Vitis/2024.2\scripts\python_pkg;
RDI_APPROOT=C:/fpga/Vitis/2024.2
RDI_ARGS= --mode hls --csim --config C:\fpga\simon\all_in_one\hls_config.cfg --work_dir all_in_one
RDI_ARGS_FUNCTION=RDI_EXEC_DEFAULT
RDI_BASEROOT=C:/fpga/Vitis
RDI_BINDIR=C:/fpga/Vitis/2024.2/bin
RDI_BINROOT=C:/fpga/Vitis/2024.2/bin
RDI_BUILD=yes
RDI_CHECK_PROG=True
RDI_DATADIR=C:/fpga/SharedData/2024.2/data;C:/fpga/Vitis/2024.2/data
RDI_INSTALLROOT=C:/fpga
RDI_INSTALLVER=2024.2
RDI_INSTALLVERSION=2024.2
RDI_JAVACEFROOT=C:/fpga/Vitis/2024.2/tps/win64/java-cef-95.0.4638.69
RDI_JAVAFXROOT=C:/fpga/Vitis/2024.2/tps/win64/javafx-sdk-11.0.2
RDI_JAVAROOT=C:/fpga/Vitis/2024.2/tps/win64/jre11.0.16_1
RDI_JAVA_VERSION=11.0.16_1
RDI_LIBDIR=C:/fpga/Vitis/2024.2/lib/win64.o
RDI_MINGW_LIB=C:/fpga/Vitis/2024.2\tps\mingw\6.2.0\win64.o\nt\bin;C:/fpga/Vitis/2024.2\tps\mingw\6.2.0\win64.o\nt\libexec\gcc\x86_64-w64-mingw32\6.2.0
RDI_OPT_EXT=.o
RDI_OS_ARCH=64
RDI_PLATFORM=win64
RDI_PREPEND_PATH=C:/fpga/Vitis/2024.2/bin
RDI_PROG=C:/fpga/Vitis/2024.2/bin/unwrapped/win64.o/vitis-run.exe
RDI_PROGNAME=vitis-run.exe
RDI_SESSION_INFO=C:\fpga\Vitis\2024.2\bin:SI-Tue01-14-2025_20-11-20.62
RDI_SHARED_DATA=C:/fpga/SharedData/2024.2/data
RDI_TPS_ROOT=C:/fpga/Vivado/2024.2/tps/win64
RDI_USE_JDK11=1
RDI_VERBOSE=False
RT_LIBPATH=C:/fpga/Vitis/2024.2/scripts/rt/data
RT_TCL_PATH=C:/fpga/Vitis/2024.2/scripts/rt/base_tcl/tcl
SDKROOT=C:\fpga\Vitis\2024.2\tps\win64\lopper-1.1.0-packages\min_sdk\
SESSIONNAME=Console
session_string=C:\fpga\simon\all_in_one:SI-Tue01-14-2025_21-19-56.46
SHARED_DATA_HOME="C:/fpga/SharedData/2024.2"
supports_classic_ide=true
SWIG_LIB=C:\fpga\Vitis\2024.2\tps\win64\lopper-1.1.0-packages\min_sdk\\usr\lib\swig\4.2.1
SYNTH_COMMON=C:/fpga/Vitis/2024.2/scripts/rt/data
SystemDrive=C:
SystemRoot=C:\WINDOWS
TCL_LIBRARY=C:/fpga/Vitis/2024.2/tps/tcl/tcl8.6
TCMALLOC_LARGE_ALLOC_REPORT_THRESHOLD=4294967296
TEMP=C:\Users\gameb\AppData\Local\Temp
THEIA_APP_PROJECT_PATH=C:\fpga\Vitis\2024.2\ide\electron-app\win64\resources\app
THEIA_DEFAULT_PLUGINS=local-dir:C:\fpga\Vitis\2024.2\ide\electron-app\win64\resources\app\plugins
THEIA_ELECTRON_TOKEN={"value":"a94d2f4d-0b6c-44b9-80e1-a880377d1a50"}
THEIA_ELECTRON_VERSION=15.5.7
THEIA_PLUGINS=local-dir:C:\Users\gameb\.theia\plugins
TMP=C:\Users\gameb\AppData\Local\Temp
tooldir=tps\win64\git-2.41.0
TOOLS_CLANG=C:/fpga/Vitis/2024.2\win64\tools\clang
TPS_CMAKE=C:/fpga/Vivado/2024.2\tps\win64\cmake-3.24.2
TPS_GIT=C:/fpga/Vivado/2024.2\tps\win64\git-2.45.0
TPS_LIBXSLT=C:/fpga/Vitis/2024.2\tps\win64\libxslt
TPS_PYTHON=C:/fpga/Vivado/2024.2\tps\win64\python-3.8.3
USERDOMAIN=SI
USERDOMAIN_ROAMINGPROFILE=SI
USERNAME=gameb
USERPROFILE=C:\Users\gameb
VITISNEW=true
VSCODE_API_VERSION=1.53.2
windir=C:\WINDOWS
XILINX_HLS=C:/fpga/Vitis/2024.2
XILINX_PLANAHEAD=C:/fpga/Vitis/2024.2
XILINX_SDK=C:/fpga/Vitis/2024.2
XILINX_VCXX=C:/fpga/Vitis/2024.2/vcxx
XILINX_VERSION_DEFAULT=2024.2
XILINX_VERSION_VITIS=2024.2
XILINX_VITIS=C:/fpga\Vitis\2024.2
XILINX_VITIS_GIT=C:/fpga/Vivado/2024.2\tps\win64\git-2.45.0\bin
XILINX_VITIS_HLS_ENCAPSULATED=1
XILINX_VITIS_VERSION=Vitis v2024.2 (64-bit)
XILINX_VIVADO=C:/fpga/Vivado/2024.2
XILINX_VIVADO_HLS=C:/fpga/Vivado/2024.2
XIL_CHECK_TCL_DEBUG=False
XIL_NO_OVERRIDE=0
XIL_SUPPRESS_OVERRIDE_WARNINGS=1
XVREDIST=C:/fpga/Vitis/2024.2\tps\win64\xvcredist.exe
ZES_ENABLE_SYSMAN=1
_RDI_BINROOT=C:\fpga\Vitis\2024.2\bin
_RDI_CWD=C:\fpga\simon\all_in_one
_RDI_DONT_SET_XILINX_AS_PATH=True
_RDI_VERSION_PROG=vitis-run
_valid=False
XILINX_CD_CONNECT_ID=61149
XILINX_CD_SESSION=e45c1bfb-527d-4aad-b822-6d5e1cf3e7b5


VITIS-RUN command line:
------------------------------------------
C:/fpga/Vitis/2024.2/bin/unwrapped/win64.o/vitis-run.exe --mode hls --csim --config C:\fpga\simon\all_in_one\hls_config.cfg --work_dir all_in_one 

FINAL PROGRAM OPTIONS
--config C:\fpga\simon\all_in_one\hls_config.cfg
--csim
--hls.csim.code_analyzer 1
--hls.flow_target vivado
--hls.package.output.format ip_catalog
--hls.package.output.syn false
--hls.syn.file systolic_array.cpp
--hls.syn.top systolic_top_uart
--hls.tb.file C:/fpga/simon/asic_accelerator/overall_tb.cpp
--mode hls
--part xczu2cg-sfvc784-1-e
--work_dir all_in_one

PARSED COMMAND LINE OPTIONS
--mode hls 
--csim 
--config C:\fpga\simon\all_in_one\hls_config.cfg 
--work_dir all_in_one 

PARSED CONFIG FILE (1) OPTIONS
file: C:\fpga\simon\all_in_one\hls_config.cfg
part xczu2cg-sfvc784-1-e 
hls.flow_target vivado 
hls.package.output.format ip_catalog 
hls.package.output.syn false 
hls.syn.top systolic_top_uart 
hls.csim.code_analyzer 1 
hls.tb.file C:/fpga/simon/asic_accelerator/overall_tb.cpp 
hls.syn.file systolic_array.cpp 


==========================================
new:  steps log generated by v++ for new launch 
timestamp: 14 Jan 2025 21:20:00

------------------------------------------
VITIS-RUN command line :
------------------------------------------
C:/fpga/Vitis/2024.2/bin/unwrapped/win64.o/vitis-run.exe --mode hls --csim --config C:\fpga\simon\all_in_one\hls_config.cfg --work_dir all_in_one 
  Options from -O    : 
  Options from *.ini : 
  Options from Hw Platform : 

==========================================
new:  steps log generated by v++ for new launch 
timestamp: 14 Jan 2025 21:37:41

------------------------------------------
VITIS-RUN command line :
------------------------------------------
C:/fpga/Vitis/2024.2/bin/unwrapped/win64.o/vitis-run.exe --mode hls --csim --config C:\fpga\simon\all_in_one\hls_config.cfg --work_dir all_in_one 
  Options from -O    : 
  Options from *.ini : 
  Options from Hw Platform : 

==========================================
new:  steps log generated by v++ for new launch 
timestamp: 14 Jan 2025 21:42:40

------------------------------------------
VITIS-RUN command line :
------------------------------------------
C:/fpga/Vitis/2024.2/bin/unwrapped/win64.o/vitis-run.exe --mode hls --csim --config C:\fpga\simon\all_in_one\hls_config.cfg --work_dir all_in_one 
  Options from -O    : 
  Options from *.ini : 
  Options from Hw Platform : 

==========================================
new:  steps log generated by v++ for new launch 
timestamp: 14 Jan 2025 21:49:50

------------------------------------------
VITIS-RUN command line :
------------------------------------------
C:/fpga/Vitis/2024.2/bin/unwrapped/win64.o/vitis-run.exe --mode hls --csim --config C:\fpga\simon\all_in_one\hls_config.cfg --work_dir all_in_one 
  Options from -O    : 
  Options from *.ini : 
  Options from Hw Platform : 

==========================================
new:  steps log generated by v++ for new launch 
timestamp: 14 Jan 2025 21:51:43

------------------------------------------
VITIS-RUN command line :
------------------------------------------
C:/fpga/Vitis/2024.2/bin/unwrapped/win64.o/vitis-run.exe --mode hls --csim --config C:\fpga\simon\all_in_one\hls_config.cfg --work_dir all_in_one 
  Options from -O    : 
  Options from *.ini : 
  Options from Hw Platform : 

==========================================
new:  steps log generated by v++ for new launch 
timestamp: 14 Jan 2025 22:00:45

------------------------------------------
VITIS-RUN command line :
------------------------------------------
C:/fpga/Vitis/2024.2/bin/unwrapped/win64.o/vitis-run.exe --mode hls --csim --config C:\fpga\simon\all_in_one\hls_config.cfg --work_dir all_in_one 
  Options from -O    : 
  Options from *.ini : 
  Options from Hw Platform : 

==========================================
new:  steps log generated by v++ for new launch 
timestamp: 14 Jan 2025 22:01:09

------------------------------------------
V++ command line :
------------------------------------------
C:/fpga/Vitis/2024.2/bin/unwrapped/win64.o/v++.exe -c --mode hls --config C:\fpga\simon\all_in_one\hls_config.cfg --work_dir all_in_one 
  Options from -O    : 
  Options from *.ini : 
  Options from Hw Platform : 

==========================================
new:  steps log generated by v++ for new launch 
timestamp: 14 Jan 2025 22:02:09
