
===========================================================================
report_checks -unconstrained
===========================================================================
======================= nom_ff_n40C_1v95 Corner ===================================

Startpoint: start_in (input port clocked by clk)
Endpoint: _10_ (rising edge-triggered flip-flop)
Path Group: unconstrained
Path Type: max

Fanout         Cap        Slew       Delay        Time   Description
---------------------------------------------------------------------------------------------
                                  4.000000    4.000000 ^ input external delay
     2    0.004146    0.019387    0.010734    4.010734 ^ start_in (in)
                                                         start_in (net)
                      0.019387    0.000000    4.010734 ^ _07_/A_N (sky130_fd_sc_hd__and2b_2)
     1    0.002259    0.025162    0.119092    4.129826 v _07_/X (sky130_fd_sc_hd__and2b_2)
                                                         _00_ (net)
                      0.025162    0.000000    4.129826 v _10_/D (sky130_fd_sc_hd__dfstp_2)
                                              4.129826   data arrival time
---------------------------------------------------------------------------------------------
(Path is unconstrained)




===========================================================================
report_checks --slack_max -0.01
============================================================================
======================= nom_ff_n40C_1v95 Corner ===================================

No paths found.


===========================================================================
 report_check_types -max_slew -max_cap -max_fanout -violators
============================================================================
======================= nom_ff_n40C_1v95 Corner ===================================



===========================================================================
report_parasitic_annotation -report_unannotated
============================================================================
Found 23 unannotated drivers.
 clk_in
 opcode_in0
 opcode_in1
 opcode_in2
 opcode_in3
 rst_in
 start_in
 tx_in
 _05_/Y
 _06_/X
 _07_/X
 _08_/Y
 _09_/Y
 _10_/Q
 _11_/Q
 _12_/Q
 _13_/X
 _14_/X
 _15_/X
 _16_/X
 _17_/X
 _18_/X
 _19_/X
Found 0 partially unannotated drivers.

===========================================================================
max slew violation count 0
max fanout violation count 0
max cap violation count 0
============================================================================

===========================================================================
check_setup -verbose -unconstrained_endpoints -multiple_clock -no_clock -no_input_delay -loops -generated_clocks
===========================================================================
Warning: There are 3 unclocked register/latch pins.
  _10_/CLK
  _11_/CLK
  _12_/CLK
Warning: There are 11 unconstrained endpoints.
  busy_out
  done_out
  out4
  out5
  out6
  out7
  out8
  rx_out
  _10_/D
  _11_/D
  _12_/D
