
 /----------------------------------------------------------------------------\
 |                                                                            |
 |  yosys -- Yosys Open SYnthesis Suite                                       |
 |                                                                            |
 |  Copyright (C) 2012 - 2020  Claire Xenia Wolf <claire@yosyshq.com>         |
 |                                                                            |
 |  Permission to use, copy, modify, and/or distribute this software for any  |
 |  purpose with or without fee is hereby granted, provided that the above    |
 |  copyright notice and this permission notice appear in all copies.         |
 |                                                                            |
 |  THE SOFTWARE IS PROVIDED "AS IS" AND THE AUTHOR DISCLAIMS ALL WARRANTIES  |
 |  WITH REGARD TO THIS SOFTWARE INCLUDING ALL IMPLIED WARRANTIES OF          |
 |  MERCHANTABILITY AND FITNESS. IN NO EVENT SHALL THE AUTHOR BE LIABLE FOR   |
 |  ANY SPECIAL, DIRECT, INDIRECT, OR CONSEQUENTIAL DAMAGES OR ANY DAMAGES    |
 |  WHATSOEVER RESULTING FROM LOSS OF USE, DATA OR PROFITS, WHETHER IN AN     |
 |  ACTION OF CONTRACT, NEGLIGENCE OR OTHER TORTIOUS ACTION, ARISING OUT OF   |
 |  OR IN CONNECTION WITH THE USE OR PERFORMANCE OF THIS SOFTWARE.            |
 |                                                                            |
 \----------------------------------------------------------------------------/

 Yosys 0.34 (git sha1 4a1b55992, gcc 11.4.0-1ubuntu1~22.04 -fPIC -Os)

[TCL: yosys -import] Command name collision: found pre-existing command `cd' -> skip.
[TCL: yosys -import] Command name collision: found pre-existing command `eval' -> skip.
[TCL: yosys -import] Command name collision: found pre-existing command `exec' -> skip.
[TCL: yosys -import] Command name collision: found pre-existing command `read' -> skip.
[TCL: yosys -import] Command name collision: found pre-existing command `trace' -> skip.
Reading SCL library '/foss/pdks/sky130A/libs.ref/sky130_fd_sc_hd/lib/sky130_fd_sc_hd__tt_025C_1v80.lib' as a blackbox…

1. Executing Liberty frontend: /foss/pdks/sky130A/libs.ref/sky130_fd_sc_hd/lib/sky130_fd_sc_hd__tt_025C_1v80.lib
Imported 428 cell types from liberty file.

2. Executing Verilog-2005 frontend: overall.v
Parsing SystemVerilog input from `overall.v' to AST representation.
Generating RTLIL representation for module `\systolic_top_uart_4parallel_q8_24'.
Warning: wire '\states[0].state' is assigned in a block at overall.v:550.17-550.46.
Warning: wire '\states[0].k' is assigned in a block at overall.v:551.17-551.43.
Warning: wire '\states[0].busy' is assigned in a block at overall.v:552.17-552.46.
Warning: wire '\states[0].partial_sum' is assigned in a block at overall.v:553.17-553.53.
Warning: wire '\states[1].state' is assigned in a block at overall.v:550.17-550.46.
Warning: wire '\states[1].k' is assigned in a block at overall.v:551.17-551.43.
Warning: wire '\states[1].busy' is assigned in a block at overall.v:552.17-552.46.
Warning: wire '\states[1].partial_sum' is assigned in a block at overall.v:553.17-553.53.
Warning: wire '\states[2].state' is assigned in a block at overall.v:550.17-550.46.
Warning: wire '\states[2].k' is assigned in a block at overall.v:551.17-551.43.
Warning: wire '\states[2].busy' is assigned in a block at overall.v:552.17-552.46.
Warning: wire '\states[2].partial_sum' is assigned in a block at overall.v:553.17-553.53.
Warning: wire '\states[3].state' is assigned in a block at overall.v:550.17-550.46.
Warning: wire '\states[3].k' is assigned in a block at overall.v:551.17-551.43.
Warning: wire '\states[3].busy' is assigned in a block at overall.v:552.17-552.46.
Warning: wire '\states[3].partial_sum' is assigned in a block at overall.v:553.17-553.53.
Warning: wire '$unnamed_block$15.rx_st_tmp' is assigned in a block at overall.v:588.13-588.30.
Warning: wire '$unnamed_block$15.tx_st_tmp' is assigned in a block at overall.v:589.13-589.30.
Warning: wire '\uart_rx$func$overall' is assigned in a block at overall.v:393.21-393.43.
Warning: wire '\uart_rx$func$overall' is assigned in a block at overall.v:394.21-394.43.
Warning: wire '\uart_rx$func$overall' is assigned in a block at overall.v:395.21-395.43.
Warning: wire '\uart_rx$func$overall' is assigned in a block at overall.v:396.21-396.43.
Warning: wire '\uart_rx$func$overall' is assigned in a block at overall.v:399.17-399.54.
Warning: wire '\uart_rx$func$overall' is assigned in a block at overall.v:403.25-403.66.
Warning: wire '\uart_rx$func$overall' is assigned in a block at overall.v:407.21-407.43.
Warning: wire '\uart_rx$func$overall' is assigned in a block at overall.v:408.21-408.50.
Warning: wire '\uart_rx$func$overall' is assigned in a block at overall.v:410.25-410.41.
Warning: wire '\uart_tx$func$overall' is assigned in a block at overall.v:440.21-440.43.
Warning: wire '\uart_tx$func$overall' is assigned in a block at overall.v:441.21-441.43.
Warning: wire '\uart_tx$func$overall' is assigned in a block at overall.v:442.21-442.43.
Warning: wire '\uart_tx$func$overall' is assigned in a block at overall.v:443.21-443.46.
Warning: wire '\uart_tx$func$overall' is assigned in a block at overall.v:444.21-444.43.
Warning: wire '\uart_tx$func$overall' is assigned in a block at overall.v:445.21-445.43.
Warning: wire '\uart_tx$func$overall' is assigned in a block at overall.v:447.21-447.43.
Warning: wire '\uart_tx$func$overall' is assigned in a block at overall.v:448.21-448.43.
Warning: wire '\uart_tx$func$overall' is assigned in a block at overall.v:451.17-451.54.
Warning: wire '\uart_tx$func$overall' is assigned in a block at overall.v:453.21-453.43.
Warning: wire '\uart_tx$func$overall' is assigned in a block at overall.v:454.21-454.50.
Warning: wire '\uart_tx$func$overall' is assigned in a block at overall.v:456.25-456.52.
Warning: wire '\uart_tx$func$overall' is assigned in a block at overall.v:457.25-457.57.
Warning: wire '\uart_tx$func$overall' is assigned in a block at overall.v:459.25-459.41.
Warning: wire '\uart_tx$func$overall' is assigned in a block at overall.v:461.25-461.47.
Warning: wire '\uart_tx$func$overall' is assigned in a block at overall.v:462.25-462.47.
Warning: wire '\uart_tx$func$overall' is assigned in a block at overall.v:463.25-463.47.
Warning: wire '\uart_tx$func$overall' is assigned in a block at overall.v:464.25-464.47.
overall.v:0: ERROR: Failed to resolve identifier \systolic_array$func$overall for width detection!
