  **** HLS Build v2024.2 5238294
INFO: [HLS 200-2005] Using work_dir C:/fpga/simon/asic_accelerator/asic_accelerator 
INFO: [HLS 200-1505] Using default flow_target 'vivado'
Resolution: For help on HLS 200-1505 see docs.xilinx.com/access/sources/dita/topic?Doc_Version=2024.2%20English&url=ug1448-hls-guidance&resourceid=200-1505.html
WARNING: [HLS 200-2001] file not found 'tb_overall' see [hls] from C:/fpga/simon/asic_accelerator/hls_config.cfg(7)
INFO: [HLS 200-1465] Applying ini 'syn.file=systolic_controller.h' from C:/fpga/simon/asic_accelerator/hls_config.cfg(8)
INFO: [HLS 200-10] Adding design file 'C:/fpga/simon/asic_accelerator/systolic_controller.h' to the project
INFO: [HLS 200-1465] Applying ini 'syn.file=systolic_array.cpp' from C:/fpga/simon/asic_accelerator/hls_config.cfg(9)
INFO: [HLS 200-10] Adding design file 'C:/fpga/simon/asic_accelerator/systolic_array.cpp' to the project
INFO: [HLS 200-1465] Applying ini 'syn.file=tb_overall.cpp' from C:/fpga/simon/asic_accelerator/hls_config.cfg(10)
INFO: [HLS 200-10] Adding design file 'C:/fpga/simon/asic_accelerator/tb_overall.cpp' to the project
INFO: [HLS 200-1465] Applying ini 'tb.file=tb_overall' from C:/fpga/simon/asic_accelerator/hls_config.cfg(7)
WARNING: [HLS 200-40] Cannot find test bench file 'tb_overall'
INFO: [HLS 200-1465] Applying ini 'syn.top=systolic_array' from C:/fpga/simon/asic_accelerator/hls_config.cfg(11)
INFO: [HLS 200-1465] Applying ini 'flow_target=vivado' from C:/fpga/simon/asic_accelerator/hls_config.cfg(4)
INFO: [HLS 200-1505] Using flow_target 'vivado'
Resolution: For help on HLS 200-1505 see docs.xilinx.com/access/sources/dita/topic?Doc_Version=2024.2%20English&url=ug1448-hls-guidance&resourceid=200-1505.html
INFO: [HLS 200-1465] Applying ini 'part=xczu2cg-sfvc784-1-e' from C:/fpga/simon/asic_accelerator/hls_config.cfg(1)
INFO: [HLS 200-1611] Setting target device to 'xczu2cg-sfvc784-1-e'
INFO: [HLS 200-1465] Applying ini 'csim.code_analyzer=1' from C:/fpga/simon/asic_accelerator/hls_config.cfg(12)
INFO: [HLS 200-1465] Applying ini 'package.output.format=ip_catalog' from C:/fpga/simon/asic_accelerator/hls_config.cfg(5)
WARNING: [HLS 200-1998] cannot find relative file path '../../tb_overall' in directory(s): C:/fpga/simon/asic_accelerator/asic_accelerator/solution C:/fpga/simon/asic_accelerator
INFO: [SIM 211-200] Executing Code Analyzer instead of classic HLS C simulation
ERROR: [SIM 211-200] Cannot find C test bench. Please specify test bench files using 'add_files -tb'.
ERROR: [SIM 211-200] Code Analyzer execution failed. Consider running the classic C simulation instead by disabling the hls.csim.code_analyzer option in the config file.
ERROR: Problem running csim: child process exited abnormally
INFO: [HLS 200-112] Total CPU user time: 4 seconds. Total CPU system time: 2 seconds. Total elapsed time: 9.982 seconds; peak allocated memory: 618.848 MB.
