C:\fpga\simon\all_in_one\all_in_one\hls\.autopilot\db\systolic_array.pp.0.cpp:2256:5: warning: Added loop label VITIS_LOOP_676_1:   [xilinx-label-all-loops]
    for (unsigned i = low; i != high+1; ++i) {
    ^~~
    VITIS_LOOP_676_1: 
C:\fpga\simon\all_in_one\all_in_one\hls\.autopilot\db\systolic_array.pp.0.cpp:2256:5: note: FIX-IT applied suggested code changes
C:\fpga\simon\all_in_one\all_in_one\hls\.autopilot\db\systolic_array.pp.0.cpp:2270:5: warning: Added loop label VITIS_LOOP_690_1:   [xilinx-label-all-loops]
    for (unsigned i = low; i != high+1; ++i) {
    ^~~
    VITIS_LOOP_690_1: 
C:\fpga\simon\all_in_one\all_in_one\hls\.autopilot\db\systolic_array.pp.0.cpp:2270:5: note: FIX-IT applied suggested code changes
C:\fpga\simon\all_in_one\all_in_one\hls\.autopilot\db\systolic_array.pp.0.cpp:2284:5: warning: Added loop label VITIS_LOOP_704_1:   [xilinx-label-all-loops]
    for (unsigned i = low; i != high+1; ++i) {
    ^~~
    VITIS_LOOP_704_1: 
C:\fpga\simon\all_in_one\all_in_one\hls\.autopilot\db\systolic_array.pp.0.cpp:2284:5: note: FIX-IT applied suggested code changes
C:\fpga\simon\all_in_one\all_in_one\hls\.autopilot\db\systolic_array.pp.0.cpp:3918:7: warning: Added loop label VITIS_LOOP_1248_1:   [xilinx-label-all-loops]
      for (i = 0; i < __N - 1; ++i) {
      ^~~
      VITIS_LOOP_1248_1: 
C:\fpga\simon\all_in_one\all_in_one\hls\.autopilot\db\systolic_array.pp.0.cpp:3918:7: note: FIX-IT applied suggested code changes
C:\fpga\simon\all_in_one\all_in_one\hls\.autopilot\db\systolic_array.pp.0.cpp:33420:5: warning: Added loop label VITIS_LOOP_61_1:   [xilinx-label-all-loops]
    for (int i = 0; i < N*N; i++) {
    ^~~
    VITIS_LOOP_61_1: 
C:\fpga\simon\all_in_one\all_in_one\hls\.autopilot\db\systolic_array.pp.0.cpp:33420:5: note: FIX-IT applied suggested code changes
C:\fpga\simon\all_in_one\all_in_one\hls\.autopilot\db\systolic_array.pp.0.cpp:33426:9: warning: Added loop label VITIS_LOOP_67_2:   [xilinx-label-all-loops]
        for (int i = 0; i < N*N; i++) {
        ^~~
        VITIS_LOOP_67_2: 
C:\fpga\simon\all_in_one\all_in_one\hls\.autopilot\db\systolic_array.pp.0.cpp:33426:9: note: FIX-IT applied suggested code changes
C:\fpga\simon\all_in_one\all_in_one\hls\.autopilot\db\systolic_array.pp.0.cpp:33464:9: warning: Added loop label VITIS_LOOP_105_1:   [xilinx-label-all-loops]
        for (int i=0; i<N*N; i++) {
        ^~~
        VITIS_LOOP_105_1: 
C:\fpga\simon\all_in_one\all_in_one\hls\.autopilot\db\systolic_array.pp.0.cpp:33464:9: note: FIX-IT applied suggested code changes
C:\fpga\simon\all_in_one\all_in_one\hls\.autopilot\db\systolic_array.pp.0.cpp:33481:17: warning: Added loop label VITIS_LOOP_122_2:   [xilinx-label-all-loops]
                for (int i=0; i<N*N; i++) {
                ^~~
                VITIS_LOOP_122_2: 
C:\fpga\simon\all_in_one\all_in_one\hls\.autopilot\db\systolic_array.pp.0.cpp:33481:17: note: FIX-IT applied suggested code changes
C:\fpga\simon\all_in_one\all_in_one\hls\.autopilot\db\systolic_array.pp.0.cpp:33496:13: warning: Added loop label VITIS_LOOP_137_3:   [xilinx-label-all-loops]
            for (int i=0; i<N; i++) {
            ^~~
            VITIS_LOOP_137_3: 
C:\fpga\simon\all_in_one\all_in_one\hls\.autopilot\db\systolic_array.pp.0.cpp:33496:13: note: FIX-IT applied suggested code changes
C:\fpga\simon\all_in_one\all_in_one\hls\.autopilot\db\systolic_array.pp.0.cpp:33498:2: warning: Added loop label VITIS_LOOP_139_4:   [xilinx-label-all-loops]
 for (int j=0; j<N; j++) {
 ^~~
 VITIS_LOOP_139_4: 
C:\fpga\simon\all_in_one\all_in_one\hls\.autopilot\db\systolic_array.pp.0.cpp:33498:2: note: FIX-IT applied suggested code changes
C:\fpga\simon\all_in_one\all_in_one\hls\.autopilot\db\systolic_array.pp.0.cpp:33514:9: warning: Added loop label VITIS_LOOP_155_5:   [xilinx-label-all-loops]
        for (int i=0; i<N*N; i++) {
        ^~~
        VITIS_LOOP_155_5: 
C:\fpga\simon\all_in_one\all_in_one\hls\.autopilot\db\systolic_array.pp.0.cpp:33514:9: note: FIX-IT applied suggested code changes
C:\fpga\simon\all_in_one\all_in_one\hls\.autopilot\db\systolic_array.pp.0.cpp:33525:13: warning: Added loop label VITIS_LOOP_166_6:   [xilinx-label-all-loops]
            for (int i=0; i< N*N; i++) {
            ^~~
            VITIS_LOOP_166_6: 
C:\fpga\simon\all_in_one\all_in_one\hls\.autopilot\db\systolic_array.pp.0.cpp:33525:13: note: FIX-IT applied suggested code changes
C:\fpga\simon\all_in_one\all_in_one\hls\.autopilot\db\systolic_array.pp.0.cpp:33531:13: warning: Added loop label VITIS_LOOP_172_7:   [xilinx-label-all-loops]
            for (int i=0; i< N*N; i++) {
            ^~~
            VITIS_LOOP_172_7: 
C:\fpga\simon\all_in_one\all_in_one\hls\.autopilot\db\systolic_array.pp.0.cpp:33531:13: note: FIX-IT applied suggested code changes
C:\fpga\simon\all_in_one\all_in_one\hls\.autopilot\db\systolic_array.pp.0.cpp:33542:13: warning: Added loop label VITIS_LOOP_183_8:   [xilinx-label-all-loops]
            for (int i=1; i< N*N; i++) {
            ^~~
            VITIS_LOOP_183_8: 
C:\fpga\simon\all_in_one\all_in_one\hls\.autopilot\db\systolic_array.pp.0.cpp:33542:13: note: FIX-IT applied suggested code changes
C:\fpga\simon\all_in_one\all_in_one\hls\.autopilot\db\systolic_array.pp.0.cpp:33547:13: warning: Added loop label VITIS_LOOP_188_9:   [xilinx-label-all-loops]
            for (int i=1; i< N*N; i++) {
            ^~~
            VITIS_LOOP_188_9: 
C:\fpga\simon\all_in_one\all_in_one\hls\.autopilot\db\systolic_array.pp.0.cpp:33547:13: note: FIX-IT applied suggested code changes
C:\fpga\simon\all_in_one\all_in_one\hls\.autopilot\db\systolic_array.pp.0.cpp:33554:13: warning: Added loop label VITIS_LOOP_195_10:   [xilinx-label-all-loops]
            for (int i=0; i< N*N; i++) {
            ^~~
            VITIS_LOOP_195_10: 
C:\fpga\simon\all_in_one\all_in_one\hls\.autopilot\db\systolic_array.pp.0.cpp:33554:13: note: FIX-IT applied suggested code changes
C:\fpga\simon\all_in_one\all_in_one\hls\.autopilot\db\systolic_array.pp.0.cpp:33560:13: warning: Added loop label VITIS_LOOP_201_11:   [xilinx-label-all-loops]
            for (int i=0; i< N*N; i++) {
            ^~~
            VITIS_LOOP_201_11: 
C:\fpga\simon\all_in_one\all_in_one\hls\.autopilot\db\systolic_array.pp.0.cpp:33560:13: note: FIX-IT applied suggested code changes
C:\fpga\simon\all_in_one\all_in_one\hls\.autopilot\db\systolic_array.pp.0.cpp:33568:13: warning: Added loop label VITIS_LOOP_209_12:   [xilinx-label-all-loops]
            for(int i=0;i<N*N;i++){
            ^~~
            VITIS_LOOP_209_12: 
C:\fpga\simon\all_in_one\all_in_one\hls\.autopilot\db\systolic_array.pp.0.cpp:33568:13: note: FIX-IT applied suggested code changes
C:\fpga\simon\all_in_one\all_in_one\hls\.autopilot\db\systolic_array.pp.0.cpp:33574:13: warning: Added loop label VITIS_LOOP_215_13:   [xilinx-label-all-loops]
            for(int i=1;i<N*N;i++){
            ^~~
            VITIS_LOOP_215_13: 
C:\fpga\simon\all_in_one\all_in_one\hls\.autopilot\db\systolic_array.pp.0.cpp:33574:13: note: FIX-IT applied suggested code changes
C:\fpga\simon\all_in_one\all_in_one\hls\.autopilot\db\systolic_array.pp.0.cpp:33583:13: warning: Added loop label VITIS_LOOP_224_14:   [xilinx-label-all-loops]
            for(int i=1;i<N*N;i++){
            ^~~
            VITIS_LOOP_224_14: 
C:\fpga\simon\all_in_one\all_in_one\hls\.autopilot\db\systolic_array.pp.0.cpp:33583:13: note: FIX-IT applied suggested code changes
C:\fpga\simon\all_in_one\all_in_one\hls\.autopilot\db\systolic_array.pp.0.cpp:33588:13: warning: Added loop label VITIS_LOOP_229_15:   [xilinx-label-all-loops]
            for(int i=1;i<N*N;i++){
            ^~~
            VITIS_LOOP_229_15: 
C:\fpga\simon\all_in_one\all_in_one\hls\.autopilot\db\systolic_array.pp.0.cpp:33588:13: note: FIX-IT applied suggested code changes
C:\fpga\simon\all_in_one\all_in_one\hls\.autopilot\db\systolic_array.pp.0.cpp:33794:9: warning: Added loop label VITIS_LOOP_431_1:   [xilinx-label-all-loops]
        for(int m=0;m<NUM_ARRAYS;m++){
        ^~~
        VITIS_LOOP_431_1: 
C:\fpga\simon\all_in_one\all_in_one\hls\.autopilot\db\systolic_array.pp.0.cpp:33794:9: note: FIX-IT applied suggested code changes
C:\fpga\simon\all_in_one\all_in_one\hls\.autopilot\db\systolic_array.pp.0.cpp:33799:13: warning: Added loop label VITIS_LOOP_436_2:   [xilinx-label-all-loops]
            for(int i=0;i<N*N;i++){
            ^~~
            VITIS_LOOP_436_2: 
C:\fpga\simon\all_in_one\all_in_one\hls\.autopilot\db\systolic_array.pp.0.cpp:33799:13: note: FIX-IT applied suggested code changes
C:\fpga\simon\all_in_one\all_in_one\hls\.autopilot\db\systolic_array.pp.0.cpp:33878:9: warning: Added loop label VITIS_LOOP_515_3:   [xilinx-label-all-loops]
        for(int m=0;m<NUM_ARRAYS;m++){
        ^~~
        VITIS_LOOP_515_3: 
C:\fpga\simon\all_in_one\all_in_one\hls\.autopilot\db\systolic_array.pp.0.cpp:33878:9: note: FIX-IT applied suggested code changes
