  **** HLS Build v2024.2 5238294
INFO: [HLS 200-2005] Using work_dir C:/fpga/simon/experimental_accelerator/experimental_accelerator 
INFO: [HLS 200-1505] Using default flow_target 'vivado'
Resolution: For help on HLS 200-1505 see docs.xilinx.com/access/sources/dita/topic?Doc_Version=2024.2%20English&url=ug1448-hls-guidance&resourceid=200-1505.html
INFO: [HLS 200-1465] Applying ini 'syn.file=systolic_controller.h' from C:/fpga/simon/experimental_accelerator/hls_config.cfg(10)
INFO: [HLS 200-10] Adding design file 'C:/fpga/simon/experimental_accelerator/systolic_controller.h' to the project
INFO: [HLS 200-1465] Applying ini 'syn.file=systolic_array.cpp' from C:/fpga/simon/experimental_accelerator/hls_config.cfg(11)
INFO: [HLS 200-10] Adding design file 'C:/fpga/simon/experimental_accelerator/systolic_array.cpp' to the project
INFO: [HLS 200-1465] Applying ini 'syn.file=C:/fpga/simon/asic_accelerator/top_systolic_controller.cpp' from C:/fpga/simon/experimental_accelerator/hls_config.cfg(12)
INFO: [HLS 200-10] Adding design file 'C:/fpga/simon/asic_accelerator/top_systolic_controller.cpp' to the project
INFO: [HLS 200-1465] Applying ini 'tb.file=C:/fpga/simon/asic_accelerator/overall_tb.cpp' from C:/fpga/simon/experimental_accelerator/hls_config.cfg(9)
INFO: [HLS 200-10] Adding test bench file 'C:/fpga/simon/asic_accelerator/overall_tb.cpp' to the project
INFO: [HLS 200-1465] Applying ini 'syn.top=top_systolic_controller_flat' from C:/fpga/simon/experimental_accelerator/hls_config.cfg(7)
INFO: [HLS 200-1465] Applying ini 'flow_target=vivado' from C:/fpga/simon/experimental_accelerator/hls_config.cfg(4)
INFO: [HLS 200-1505] Using flow_target 'vivado'
Resolution: For help on HLS 200-1505 see docs.xilinx.com/access/sources/dita/topic?Doc_Version=2024.2%20English&url=ug1448-hls-guidance&resourceid=200-1505.html
INFO: [HLS 200-1465] Applying ini 'part=xczu2cg-sfvc784-1-e' from C:/fpga/simon/experimental_accelerator/hls_config.cfg(1)
INFO: [HLS 200-1611] Setting target device to 'xczu2cg-sfvc784-1-e'
INFO: [HLS 200-1465] Applying ini 'csim.code_analyzer=1' from C:/fpga/simon/experimental_accelerator/hls_config.cfg(8)
INFO: [HLS 200-1465] Applying ini 'package.output.format=ip_catalog' from C:/fpga/simon/experimental_accelerator/hls_config.cfg(5)
INFO: [SIM 211-200] Executing Code Analyzer instead of classic HLS C simulation
INFO: [HLS 211-200] Compiling source code C:/fpga/simon/asic_accelerator/overall_tb.cpp as test bench code with instrumentation
INFO: [HLS 211-200] Linking executable
INFO: [HLS 211-200] Computing HLS IR Information
INFO: [HLS 211-200] Determining source code dependencies
INFO: [SIM 211-200] Running executable

--- Matrix Multiplication Test ---
Array 0 Results:
             18              7             10             19
             26             33             30             15
             21              0              0              0
              0              0              0              0

Array 1 Results:
             21             27             19             14
             19             24             32             41
             29              0              0              0
              0              0              0              0

Array 2 Results:
             29             38             47              9
             12             15             19             26
             33              0              0              0
              0              0              0              0

Array 3 Results:
             33             19             26             31
             30             15             34             11
              9              0              0              0
              0              0              0              0


--- Average Pooling Test (opcode = 0xC) ---
Array 0 Results:
        19.8889              0              0              0
              0              0              0              0
              0              0              0              0
              0              0              0              0

Array 1 Results:
        25.1111              0              0              0
              0              0              0              0
              0              0              0              0
              0              0              0              0

Array 2 Results:
        25.3333              0              0              0
              0              0              0              0
              0              0              0              0
              0              0              0              0

Array 3 Results:
        23.1111              0              0              0
              0              0              0              0
              0              0              0              0
              0              0              0              0


Test bench completed.
INFO: [SIM 211-200] Analyzing trace data
INFO: [SIM 211-208] Running Code Analyzer
WARNING: [SIM 211-203] Code Analyzer does not display the impact of the unroll pragma for tasks (C:\fpga\simon\asic_accelerator\top_systolic_controller.cpp:23:9)
WARNING: [HLS 211-200] Code Analyzer will not display the impact of 'pipeline' (C:\fpga\simon\experimental_accelerator:0:0) as the pipelined function is not the top-level hardware function
INFO: [SIM 211-210] Code Analyzer finished
INFO: [HLS 200-112] Total CPU user time: 10 seconds. Total CPU system time: 4 seconds. Total elapsed time: 58.281 seconds; peak allocated memory: 620.562 MB.
INFO: [vitis-run 60-791] Total elapsed time: 0h 1m 5s
