
 /----------------------------------------------------------------------------\
 |                                                                            |
 |  yosys -- Yosys Open SYnthesis Suite                                       |
 |                                                                            |
 |  Copyright (C) 2012 - 2020  Claire Xenia Wolf <claire@yosyshq.com>         |
 |                                                                            |
 |  Permission to use, copy, modify, and/or distribute this software for any  |
 |  purpose with or without fee is hereby granted, provided that the above    |
 |  copyright notice and this permission notice appear in all copies.         |
 |                                                                            |
 |  THE SOFTWARE IS PROVIDED "AS IS" AND THE AUTHOR DISCLAIMS ALL WARRANTIES  |
 |  WITH REGARD TO THIS SOFTWARE INCLUDING ALL IMPLIED WARRANTIES OF          |
 |  MERCHANTABILITY AND FITNESS. IN NO EVENT SHALL THE AUTHOR BE LIABLE FOR   |
 |  ANY SPECIAL, DIRECT, INDIRECT, OR CONSEQUENTIAL DAMAGES OR ANY DAMAGES    |
 |  WHATSOEVER RESULTING FROM LOSS OF USE, DATA OR PROFITS, WHETHER IN AN     |
 |  ACTION OF CONTRACT, NEGLIGENCE OR OTHER TORTIOUS ACTION, ARISING OUT OF   |
 |  OR IN CONNECTION WITH THE USE OR PERFORMANCE OF THIS SOFTWARE.            |
 |                                                                            |
 \----------------------------------------------------------------------------/

 Yosys 0.34 (git sha1 4a1b55992, gcc 11.4.0-1ubuntu1~22.04 -fPIC -Os)

[TCL: yosys -import] Command name collision: found pre-existing command `cd' -> skip.
[TCL: yosys -import] Command name collision: found pre-existing command `eval' -> skip.
[TCL: yosys -import] Command name collision: found pre-existing command `exec' -> skip.
[TCL: yosys -import] Command name collision: found pre-existing command `read' -> skip.
[TCL: yosys -import] Command name collision: found pre-existing command `trace' -> skip.
Reading SCL library '/foss/pdks/sky130A/libs.ref/sky130_fd_sc_hd/lib/sky130_fd_sc_hd__tt_025C_1v80.lib' as a blackbox…

1. Executing Liberty frontend: /foss/pdks/sky130A/libs.ref/sky130_fd_sc_hd/lib/sky130_fd_sc_hd__tt_025C_1v80.lib
Imported 428 cell types from liberty file.

2. Executing Verilog-2005 frontend: overall.v
Parsing SystemVerilog input from `overall.v' to AST representation.
Generating RTLIL representation for module `\systolic_top_uart_4parallel_q8_24'.
Warning: wire '\states[0].state' is assigned in a block at overall.v:528.17-528.46.
Warning: wire '\states[0].k' is assigned in a block at overall.v:529.17-529.43.
Warning: wire '\states[0].busy' is assigned in a block at overall.v:530.17-530.46.
Warning: wire '\states[0].partial_sum' is assigned in a block at overall.v:531.17-531.53.
Warning: wire '\states[1].state' is assigned in a block at overall.v:528.17-528.46.
Warning: wire '\states[1].k' is assigned in a block at overall.v:529.17-529.43.
Warning: wire '\states[1].busy' is assigned in a block at overall.v:530.17-530.46.
Warning: wire '\states[1].partial_sum' is assigned in a block at overall.v:531.17-531.53.
Warning: wire '\states[2].state' is assigned in a block at overall.v:528.17-528.46.
Warning: wire '\states[2].k' is assigned in a block at overall.v:529.17-529.43.
Warning: wire '\states[2].busy' is assigned in a block at overall.v:530.17-530.46.
Warning: wire '\states[2].partial_sum' is assigned in a block at overall.v:531.17-531.53.
Warning: wire '\states[3].state' is assigned in a block at overall.v:528.17-528.46.
Warning: wire '\states[3].k' is assigned in a block at overall.v:529.17-529.43.
Warning: wire '\states[3].busy' is assigned in a block at overall.v:530.17-530.46.
Warning: wire '\states[3].partial_sum' is assigned in a block at overall.v:531.17-531.53.
Warning: wire '$unnamed_block$15.rx_st_tmp' is assigned in a block at overall.v:566.13-566.30.
Warning: wire '$unnamed_block$15.tx_st_tmp' is assigned in a block at overall.v:567.13-567.30.
Warning: wire '\uart_rx$func$overall' is assigned in a block at overall.v:371.21-371.43.
Warning: wire '\uart_rx$func$overall' is assigned in a block at overall.v:372.21-372.43.
Warning: wire '\uart_rx$func$overall' is assigned in a block at overall.v:373.21-373.43.
Warning: wire '\uart_rx$func$overall' is assigned in a block at overall.v:374.21-374.43.
Warning: wire '\uart_rx$func$overall' is assigned in a block at overall.v:377.17-377.54.
Warning: wire '\uart_rx$func$overall' is assigned in a block at overall.v:381.25-381.66.
Warning: wire '\uart_rx$func$overall' is assigned in a block at overall.v:385.21-385.43.
Warning: wire '\uart_rx$func$overall' is assigned in a block at overall.v:386.21-386.50.
Warning: wire '\uart_rx$func$overall' is assigned in a block at overall.v:388.25-388.41.
Warning: wire '\uart_tx$func$overall' is assigned in a block at overall.v:418.21-418.43.
Warning: wire '\uart_tx$func$overall' is assigned in a block at overall.v:419.21-419.43.
Warning: wire '\uart_tx$func$overall' is assigned in a block at overall.v:420.21-420.43.
Warning: wire '\uart_tx$func$overall' is assigned in a block at overall.v:421.21-421.46.
Warning: wire '\uart_tx$func$overall' is assigned in a block at overall.v:422.21-422.43.
Warning: wire '\uart_tx$func$overall' is assigned in a block at overall.v:423.21-423.43.
Warning: wire '\uart_tx$func$overall' is assigned in a block at overall.v:425.21-425.43.
Warning: wire '\uart_tx$func$overall' is assigned in a block at overall.v:426.21-426.43.
Warning: wire '\uart_tx$func$overall' is assigned in a block at overall.v:429.17-429.54.
Warning: wire '\uart_tx$func$overall' is assigned in a block at overall.v:431.21-431.43.
Warning: wire '\uart_tx$func$overall' is assigned in a block at overall.v:432.21-432.50.
Warning: wire '\uart_tx$func$overall' is assigned in a block at overall.v:434.25-434.52.
Warning: wire '\uart_tx$func$overall' is assigned in a block at overall.v:435.25-435.57.
Warning: wire '\uart_tx$func$overall' is assigned in a block at overall.v:437.25-437.41.
Warning: wire '\uart_tx$func$overall' is assigned in a block at overall.v:439.25-439.47.
Warning: wire '\uart_tx$func$overall' is assigned in a block at overall.v:440.25-440.47.
Warning: wire '\uart_tx$func$overall' is assigned in a block at overall.v:441.25-441.47.
Warning: wire '\uart_tx$func$overall' is assigned in a block at overall.v:442.25-442.47.
overall.v:0: ERROR: Failed to resolve identifier \systolic_array$func$overall for width detection!
