61. Printing statistics.

=== systolic_top_uart_4parallel_q8_24 ===

   Number of wires:                 23
   Number of wire bits:             23
   Number of public wires:          18
   Number of public wire bits:      18
   Number of ports:                 16
   Number of port bits:             16
   Number of memories:               0
   Number of memory bits:            0
   Number of processes:              0
   Number of cells:                 15
     sky130_fd_sc_hd__a21o_2         1
     sky130_fd_sc_hd__and2b_2        1
     sky130_fd_sc_hd__buf_2          7
     sky130_fd_sc_hd__dfrtp_2        2
     sky130_fd_sc_hd__dfstp_2        1
     sky130_fd_sc_hd__inv_2          3

   Chip area for module '\systolic_top_uart_4parallel_q8_24': 142.636800
     of which used for sequential elements: 78.825600 (55.26%)

