Reading OpenROAD database at '/foss/designs/system_verilog_converted_files/runs/RUN_2025-01-20_04-34-08/18-openroad-generatepdn/systolic_top_uart_4parallel_q8_24.odb'…
Reading library file at '/foss/pdks/sky130A/libs.ref/sky130_fd_sc_hd/lib/sky130_fd_sc_hd__tt_025C_1v80.lib'…
Reading design constraints file at '/usr/local/lib/python3.10/dist-packages/openlane/scripts/base.sdc'…
[WARNING STA-0366] port 'clk' not found.
[INFO] Using clock clk…
[INFO] Setting output delay to: 4
[INFO] Setting input delay to: 4
[WARNING STA-0366] port 'clk' not found.
[INFO] Setting load to: 0.033442
[INFO] Setting clock uncertainty to: 0.25
[INFO] Setting clock transition to: 0.1499999999999999944488848768742172978818416595458984375
[WARNING STA-0419] transition time can not be specified for virtual clocks.
[INFO] Setting timing derate to: 5%
{*}-density 0.35 -skip_io -pad_right 0 -pad_left 0 -init_wirelength_coef 0.25
[INFO GPL-0002] DBU: 1000
[INFO GPL-0003] SiteSize: 460 2720
[INFO GPL-0004] CoreAreaLxLy: 2760 10880
[INFO GPL-0005] CoreAreaUxUy: 996820 987360
[INFO GPL-0006] NumInstances: 14632
[INFO GPL-0007] NumPlaceInstances: 16
[INFO GPL-0008] NumFixedInstances: 14616
[INFO GPL-0009] NumDummyInstances: 0
[INFO GPL-0010] NumNets: 24
[INFO GPL-0011] NumPins: 40
[INFO GPL-0012] DieAreaLxLy: 0 0
[INFO GPL-0013] DieAreaUxUy: 1000000 1000000
[INFO GPL-0014] CoreAreaLxLy: 2760 10880
[INFO GPL-0015] CoreAreaUxUy: 996820 987360
[INFO GPL-0016] CoreArea: 970679708800
[INFO GPL-0017] NonPlaceInstsArea: 20084262400
[INFO GPL-0018] PlaceInstsArea: 146390400
[INFO GPL-0019] Util(%): 0.02
[INFO GPL-0020] StdInstsArea: 146390400
[INFO GPL-0021] MacroInstsArea: 0
[INFO GPL-0031] FillerInit: NumGCells: 41546
[INFO GPL-0032] FillerInit: NumGNets: 24
[INFO GPL-0033] FillerInit: NumGPins: 40
[INFO GPL-0023] TargetDensity: 0.35
[INFO GPL-0024] AveragePlaceInstArea: 9149400
[INFO GPL-0025] IdealBinArea: 26141144
[INFO GPL-0026] IdealBinCnt: 37132
[INFO GPL-0027] TotalBinArea: 970679708800
[INFO GPL-0028] BinCnt: 128 128
[INFO GPL-0029] BinSize: 7767 7629
[INFO GPL-0030] NumBins: 16384
[NesterovSolve] Iter: 1 overflow: 0.449989 HPWL: 27264
[NesterovSolve] Iter: 10 overflow: 0.449989 HPWL: 23585
[NesterovSolve] Iter: 20 overflow: 0.449989 HPWL: 23460
[NesterovSolve] Iter: 30 overflow: 0.449989 HPWL: 23455
[NesterovSolve] Iter: 40 overflow: 0.449989 HPWL: 23449
[NesterovSolve] Iter: 50 overflow: 0.449989 HPWL: 23448
[NesterovSolve] Iter: 60 overflow: 0.449989 HPWL: 23449
[NesterovSolve] Iter: 70 overflow: 0.449989 HPWL: 23446
[NesterovSolve] Iter: 80 overflow: 0.449989 HPWL: 23447
[NesterovSolve] Iter: 90 overflow: 0.449989 HPWL: 23453
[NesterovSolve] Iter: 100 overflow: 0.449989 HPWL: 23448
[NesterovSolve] Iter: 110 overflow: 0.449989 HPWL: 23448
[NesterovSolve] Iter: 120 overflow: 0.449989 HPWL: 23456
[NesterovSolve] Iter: 130 overflow: 0.449989 HPWL: 23463
[NesterovSolve] Iter: 140 overflow: 0.449989 HPWL: 23487
[NesterovSolve] Iter: 150 overflow: 0.449989 HPWL: 23514
[NesterovSolve] Iter: 160 overflow: 0.449989 HPWL: 23574
[NesterovSolve] Iter: 170 overflow: 0.449989 HPWL: 23846
[NesterovSolve] Iter: 180 overflow: 0.449989 HPWL: 24834
[NesterovSolve] Iter: 190 overflow: 0.449989 HPWL: 26924
[NesterovSolve] Iter: 200 overflow: 0.449989 HPWL: 30862
[NesterovSolve] Iter: 210 overflow: 0.449989 HPWL: 37608
[NesterovSolve] Iter: 220 overflow: 0.449989 HPWL: 48332
[NesterovSolve] Iter: 230 overflow: 0.442508 HPWL: 65117
[NesterovSolve] Iter: 240 overflow: 0.396248 HPWL: 90931
[NesterovSolve] Iter: 250 overflow: 0.345408 HPWL: 119462
[NesterovSolve] Iter: 260 overflow: 0.307122 HPWL: 138439
[NesterovSolve] Iter: 270 overflow: 0.292843 HPWL: 133825
[NesterovSolve] Iter: 280 overflow: 0.31815 HPWL: 108016
[NesterovSolve] Iter: 290 overflow: 0.405978 HPWL: 56966
[NesterovSolve] Iter: 300 overflow: 0.291892 HPWL: 116436
[NesterovSolve] Iter: 310 overflow: 0.245782 HPWL: 142611
[NesterovSolve] Iter: 320 overflow: 0.368697 HPWL: 58398
[NesterovSolve] Iter: 330 overflow: 0.236759 HPWL: 121507
[NesterovSolve] Iter: 340 overflow: 0.263812 HPWL: 62117
[NesterovSolve] Iter: 350 overflow: 0.182325 HPWL: 109726
[NesterovSolve] Iter: 360 overflow: 0.214292 HPWL: 82157
[NesterovSolve] Iter: 370 overflow: 0.228328 HPWL: 62813
[NesterovSolve] Iter: 380 overflow: 0.213662 HPWL: 67220
[NesterovSolve] Iter: 390 overflow: 0.197009 HPWL: 73164
[NesterovSolve] Iter: 400 overflow: 0.17614 HPWL: 82169
[NesterovSolve] Iter: 410 overflow: 0.164262 HPWL: 86725
[NesterovSolve] Iter: 420 overflow: 0.150336 HPWL: 99756
[NesterovSolve] Iter: 430 overflow: 0.152811 HPWL: 119046
[NesterovSolve] Iter: 440 overflow: 0.103804 HPWL: 144418
[NesterovSolve] Finished with Overflow: 0.091752
[INFO] Setting RC values…
Setting global connections for newly added cells…
[INFO] Setting global connections...
Writing OpenROAD database to '/foss/designs/system_verilog_converted_files/runs/RUN_2025-01-20_04-34-08/21-openroad-globalplacementskipio/systolic_top_uart_4parallel_q8_24.odb'…
Writing netlist to '/foss/designs/system_verilog_converted_files/runs/RUN_2025-01-20_04-34-08/21-openroad-globalplacementskipio/systolic_top_uart_4parallel_q8_24.nl.v'…
Writing powered netlist to '/foss/designs/system_verilog_converted_files/runs/RUN_2025-01-20_04-34-08/21-openroad-globalplacementskipio/systolic_top_uart_4parallel_q8_24.pnl.v'…
Writing layout to '/foss/designs/system_verilog_converted_files/runs/RUN_2025-01-20_04-34-08/21-openroad-globalplacementskipio/systolic_top_uart_4parallel_q8_24.def'…
Writing timing constraints to '/foss/designs/system_verilog_converted_files/runs/RUN_2025-01-20_04-34-08/21-openroad-globalplacementskipio/systolic_top_uart_4parallel_q8_24.sdc'…
