
 /----------------------------------------------------------------------------\
 |                                                                            |
 |  yosys -- Yosys Open SYnthesis Suite                                       |
 |                                                                            |
 |  Copyright (C) 2012 - 2020  Claire Xenia Wolf <claire@yosyshq.com>         |
 |                                                                            |
 |  Permission to use, copy, modify, and/or distribute this software for any  |
 |  purpose with or without fee is hereby granted, provided that the above    |
 |  copyright notice and this permission notice appear in all copies.         |
 |                                                                            |
 |  THE SOFTWARE IS PROVIDED "AS IS" AND THE AUTHOR DISCLAIMS ALL WARRANTIES  |
 |  WITH REGARD TO THIS SOFTWARE INCLUDING ALL IMPLIED WARRANTIES OF          |
 |  MERCHANTABILITY AND FITNESS. IN NO EVENT SHALL THE AUTHOR BE LIABLE FOR   |
 |  ANY SPECIAL, DIRECT, INDIRECT, OR CONSEQUENTIAL DAMAGES OR ANY DAMAGES    |
 |  WHATSOEVER RESULTING FROM LOSS OF USE, DATA OR PROFITS, WHETHER IN AN     |
 |  ACTION OF CONTRACT, NEGLIGENCE OR OTHER TORTIOUS ACTION, ARISING OUT OF   |
 |  OR IN CONNECTION WITH THE USE OR PERFORMANCE OF THIS SOFTWARE.            |
 |                                                                            |
 \----------------------------------------------------------------------------/

 Yosys 0.34 (git sha1 4a1b55992, gcc 11.4.0-1ubuntu1~22.04 -fPIC -Os)

[TCL: yosys -import] Command name collision: found pre-existing command `cd' -> skip.
[TCL: yosys -import] Command name collision: found pre-existing command `eval' -> skip.
[TCL: yosys -import] Command name collision: found pre-existing command `exec' -> skip.
[TCL: yosys -import] Command name collision: found pre-existing command `read' -> skip.
[TCL: yosys -import] Command name collision: found pre-existing command `trace' -> skip.
Reading SCL library '/foss/pdks/sky130A/libs.ref/sky130_fd_sc_hd/lib/sky130_fd_sc_hd__tt_025C_1v80.lib' as a blackbox…

1. Executing Liberty frontend: /foss/pdks/sky130A/libs.ref/sky130_fd_sc_hd/lib/sky130_fd_sc_hd__tt_025C_1v80.lib
Imported 428 cell types from liberty file.

2. Executing Verilog-2005 frontend: overall.v
Parsing SystemVerilog input from `overall.v' to AST representation.
Generating RTLIL representation for module `\systolic_top_uart_4parallel_q8_24'.
Warning: wire '\states[0].state' is assigned in a block at overall.v:554.17-554.46.
Warning: wire '\states[0].k' is assigned in a block at overall.v:555.17-555.43.
Warning: wire '\states[0].busy' is assigned in a block at overall.v:556.17-556.46.
Warning: wire '\states[0].partial_sum' is assigned in a block at overall.v:557.17-557.53.
Warning: wire '\states[1].state' is assigned in a block at overall.v:554.17-554.46.
Warning: wire '\states[1].k' is assigned in a block at overall.v:555.17-555.43.
Warning: wire '\states[1].busy' is assigned in a block at overall.v:556.17-556.46.
Warning: wire '\states[1].partial_sum' is assigned in a block at overall.v:557.17-557.53.
Warning: wire '\states[2].state' is assigned in a block at overall.v:554.17-554.46.
Warning: wire '\states[2].k' is assigned in a block at overall.v:555.17-555.43.
Warning: wire '\states[2].busy' is assigned in a block at overall.v:556.17-556.46.
Warning: wire '\states[2].partial_sum' is assigned in a block at overall.v:557.17-557.53.
Warning: wire '\states[3].state' is assigned in a block at overall.v:554.17-554.46.
Warning: wire '\states[3].k' is assigned in a block at overall.v:555.17-555.43.
Warning: wire '\states[3].busy' is assigned in a block at overall.v:556.17-556.46.
Warning: wire '\states[3].partial_sum' is assigned in a block at overall.v:557.17-557.53.
Warning: wire '$unnamed_block$16.rx_st_tmp' is assigned in a block at overall.v:592.13-592.30.
Warning: wire '$unnamed_block$16.tx_st_tmp' is assigned in a block at overall.v:593.13-593.30.
Warning: wire '\uart_rx$func$overall' is assigned in a block at overall.v:397.21-397.43.
Warning: wire '\uart_rx$func$overall' is assigned in a block at overall.v:398.21-398.43.
Warning: wire '\uart_rx$func$overall' is assigned in a block at overall.v:399.21-399.43.
Warning: wire '\uart_rx$func$overall' is assigned in a block at overall.v:400.21-400.43.
Warning: wire '\uart_rx$func$overall' is assigned in a block at overall.v:403.17-403.54.
Warning: wire '\uart_rx$func$overall' is assigned in a block at overall.v:407.25-407.66.
Warning: wire '\uart_rx$func$overall' is assigned in a block at overall.v:411.21-411.43.
Warning: wire '\uart_rx$func$overall' is assigned in a block at overall.v:412.21-412.50.
Warning: wire '\uart_rx$func$overall' is assigned in a block at overall.v:414.25-414.41.
Warning: wire '\uart_tx$func$overall' is assigned in a block at overall.v:444.21-444.43.
Warning: wire '\uart_tx$func$overall' is assigned in a block at overall.v:445.21-445.43.
Warning: wire '\uart_tx$func$overall' is assigned in a block at overall.v:446.21-446.43.
Warning: wire '\uart_tx$func$overall' is assigned in a block at overall.v:447.21-447.46.
Warning: wire '\uart_tx$func$overall' is assigned in a block at overall.v:448.21-448.43.
Warning: wire '\uart_tx$func$overall' is assigned in a block at overall.v:449.21-449.43.
Warning: wire '\uart_tx$func$overall' is assigned in a block at overall.v:451.21-451.43.
Warning: wire '\uart_tx$func$overall' is assigned in a block at overall.v:452.21-452.43.
Warning: wire '\uart_tx$func$overall' is assigned in a block at overall.v:455.17-455.54.
Warning: wire '\uart_tx$func$overall' is assigned in a block at overall.v:457.21-457.43.
Warning: wire '\uart_tx$func$overall' is assigned in a block at overall.v:458.21-458.50.
Warning: wire '\uart_tx$func$overall' is assigned in a block at overall.v:460.25-460.52.
Warning: wire '\uart_tx$func$overall' is assigned in a block at overall.v:461.25-461.57.
Warning: wire '\uart_tx$func$overall' is assigned in a block at overall.v:463.25-463.41.
Warning: wire '\uart_tx$func$overall' is assigned in a block at overall.v:465.25-465.47.
Warning: wire '\uart_tx$func$overall' is assigned in a block at overall.v:466.25-466.47.
Warning: wire '\uart_tx$func$overall' is assigned in a block at overall.v:467.25-467.47.
Warning: wire '\uart_tx$func$overall' is assigned in a block at overall.v:468.25-468.47.
overall.v:0: ERROR: Failed to resolve identifier \systolic_array$func$overall for width detection!
