Reading timing models for corner nom_ss_100C_1v60…
Reading timing library for the 'nom_ss_100C_1v60' corner at '/foss/pdks/sky130A/libs.ref/sky130_fd_sc_hd/lib/sky130_fd_sc_hd__ss_100C_1v60.lib'…
Reading top-level netlist at '/foss/designs/system_verilog_converted_files/runs/RUN_2025-01-20_04-56-16/40-openroad-fillinsertion/systolic_top_uart_4parallel_q8_24.nl.v'…
Linking design 'systolic_top_uart_4parallel_q8_24' from netlist…
Warning: /foss/designs/system_verilog_converted_files/runs/RUN_2025-01-20_04-56-16/40-openroad-fillinsertion/systolic_top_uart_4parallel_q8_24.nl.v line 94, module sky130_ef_sc_hd__decap_12 not found. Creating black box for FILLER_0_0_3.
Warning: /foss/designs/system_verilog_converted_files/runs/RUN_2025-01-20_04-56-16/40-openroad-fillinsertion/systolic_top_uart_4parallel_q8_24.nl.v line 813, module sky130_fd_sc_hd__tapvpwrvgnd_1 not found. Creating black box for TAP_TAPCELL_ROW_0_718.
Warning: /foss/designs/system_verilog_converted_files/runs/RUN_2025-01-20_04-56-16/40-openroad-fillinsertion/systolic_top_uart_4parallel_q8_24.nl.v line 14725, module sky130_fd_sc_hd__fill_1 not found. Creating black box for FILLER_0_0_27.
Warning: /foss/designs/system_verilog_converted_files/runs/RUN_2025-01-20_04-56-16/40-openroad-fillinsertion/systolic_top_uart_4parallel_q8_24.nl.v line 14838, module sky130_fd_sc_hd__fill_2 not found. Creating black box for FILLER_0_0_1062.
Reading design constraints file at '/usr/local/lib/python3.10/dist-packages/openlane/scripts/base.sdc'…
Warning: base.sdc line 15, port 'clk' not found.
[INFO] Using clock clk…
[INFO] Setting output delay to: 4
[INFO] Setting input delay to: 4
Warning: base.sdc line 29, port 'clk' not found.
[INFO] Setting load to: 0.033442
[INFO] Setting clock uncertainty to: 0.25
[INFO] Setting clock transition to: 0.1499999999999999944488848768742172978818416595458984375
Warning: base.sdc line 66, transition time can not be specified for virtual clocks.
[INFO] Setting timing derate to: 5%
Reading top-level design parasitics for the 'nom_ss_100C_1v60' corner at '/foss/designs/system_verilog_converted_files/runs/RUN_2025-01-20_04-56-16/41-openroad-rcx/nom/systolic_top_uart_4parallel_q8_24.nom.spef'…
Warning: corner.tcl line 46, virtual clock clk can not be propagated.
%OL_CREATE_REPORT min.rpt

===========================================================================
report_checks -path_delay min (Hold)
============================================================================
======================= nom_ss_100C_1v60 Corner ===================================

No paths found.

%OL_END_REPORT
%OL_CREATE_REPORT max.rpt

===========================================================================
report_checks -path_delay max (Setup)
============================================================================
======================= nom_ss_100C_1v60 Corner ===================================

No paths found.

%OL_END_REPORT
%OL_CREATE_REPORT checks.rpt

===========================================================================
report_checks -unconstrained
===========================================================================
======================= nom_ss_100C_1v60 Corner ===================================

Startpoint: start_in (input port clocked by clk)
Endpoint: _12_ (rising edge-triggered flip-flop)
Path Group: unconstrained
Path Type: max

Fanout         Cap        Slew       Delay        Time   Description
---------------------------------------------------------------------------------------------
                                  4.000000    4.000000 ^ input external delay
     1    0.003125    0.034407    0.017510    4.017510 ^ start_in (in)
                                                         start_in (net)
                      0.034407    0.000000    4.017510 ^ input3/A (sky130_fd_sc_hd__clkbuf_1)
     2    0.005328    0.116820    0.167683    4.185193 ^ input3/X (sky130_fd_sc_hd__clkbuf_1)
                                                         net3 (net)
                      0.116820    0.000130    4.185323 ^ _07_/A_N (sky130_fd_sc_hd__and2b_1)
     1    0.003460    0.071254    0.380510    4.565833 v _07_/X (sky130_fd_sc_hd__and2b_1)
                                                         _05_ (net)
                      0.071254    0.000078    4.565911 v _08_/A (sky130_fd_sc_hd__clkbuf_1)
     1    0.005895    0.081707    0.187841    4.753752 v _08_/X (sky130_fd_sc_hd__clkbuf_1)
                                                         _00_ (net)
                      0.081708    0.000238    4.753990 v _12_/D (sky130_fd_sc_hd__dfstp_1)
                                              4.753990   data arrival time
---------------------------------------------------------------------------------------------
(Path is unconstrained)




===========================================================================
report_checks --slack_max -0.01
============================================================================
======================= nom_ss_100C_1v60 Corner ===================================

No paths found.


===========================================================================
 report_check_types -max_slew -max_cap -max_fanout -violators
============================================================================
======================= nom_ss_100C_1v60 Corner ===================================



===========================================================================
report_parasitic_annotation -report_unannotated
============================================================================
Found 12 unannotated drivers.
 opcode_in0
 opcode_in1
 opcode_in2
 opcode_in3
 tx_in
 _15__4/HI
 _16__5/HI
 _17__6/HI
 _18__7/HI
 _19__8/HI
 _20__9/HI
 _21__10/HI
Found 0 partially unannotated drivers.

===========================================================================
max slew violation count 0
%OL_METRIC_I design__max_slew_violation__count__corner:nom_ss_100C_1v60 0
max fanout violation count 0
%OL_METRIC_I design__max_fanout_violation__count__corner:nom_ss_100C_1v60 0
max cap violation count 0
%OL_METRIC_I design__max_cap_violation__count__corner:nom_ss_100C_1v60 0
============================================================================

===========================================================================
check_setup -verbose -unconstrained_endpoints -multiple_clock -no_clock -no_input_delay -loops -generated_clocks
===========================================================================
Warning: There are 3 unclocked register/latch pins.
  _12_/CLK
  _13_/CLK
  _14_/CLK
Warning: There are 11 unconstrained endpoints.
  busy_out
  done_out
  out4
  out5
  out6
  out7
  out8
  rx_out
  _12_/D
  _13_/D
  _14_/D
%OL_END_REPORT
%OL_CREATE_REPORT power.rpt

===========================================================================
 report_power
============================================================================
======================= nom_ss_100C_1v60 Corner ===================================

Group                    Internal    Switching      Leakage        Total
                            Power        Power        Power        Power (Watts)
------------------------------------------------------------------------
Sequential           2.393968e-07 0.000000e+00 5.886904e-08 2.982658e-07  33.5%
Combinational        1.669845e-07 2.843373e-07 9.374752e-08 5.450694e-07  61.2%
Clock                0.000000e+00 0.000000e+00 4.760606e-08 4.760606e-08   5.3%
Macro                0.000000e+00 0.000000e+00 0.000000e+00 0.000000e+00   0.0%
Pad                  0.000000e+00 0.000000e+00 0.000000e+00 0.000000e+00   0.0%
------------------------------------------------------------------------
Total                4.063813e-07 2.843373e-07 2.002226e-07 8.909413e-07 100.0%
                            45.6%        31.9%        22.5%
%OL_METRIC_F power__internal__total 4.0638133214088157e-7
%OL_METRIC_F power__switching__total 2.843373465566401e-7
%OL_METRIC_F power__leakage__total 2.0022257274376898e-7
%OL_METRIC_F power__total 8.909412940738548e-7

%OL_END_REPORT
%OL_CREATE_REPORT skew.min.rpt

===========================================================================
Clock Skew (Hold)
============================================================================
%OL_METRIC_F clock__skew__worst_hold__corner:nom_ss_100C_1v60 0.000000
======================= nom_ss_100C_1v60 Corner ===================================

Clock clk
No launch/capture paths found.

%OL_END_REPORT
%OL_CREATE_REPORT skew.max.rpt

===========================================================================
Clock Skew (Setup)
============================================================================
%OL_METRIC_F clock__skew__worst_setup__corner:nom_ss_100C_1v60 0.000000
======================= nom_ss_100C_1v60 Corner ===================================

Clock clk
No launch/capture paths found.

%OL_END_REPORT
%OL_CREATE_REPORT ws.min.rpt

===========================================================================
Worst Slack (Hold)
============================================================================
%OL_METRIC_F timing__hold__ws__corner:nom_ss_100C_1v60 INF
nom_ss_100C_1v60: INF
%OL_END_REPORT
%OL_CREATE_REPORT ws.max.rpt

===========================================================================
Worst Slack (Setup)
============================================================================
%OL_METRIC_F timing__setup__ws__corner:nom_ss_100C_1v60 INF
nom_ss_100C_1v60: INF
%OL_END_REPORT
%OL_CREATE_REPORT tns.min.rpt

===========================================================================
Total Negative Slack (Hold)
============================================================================
%OL_METRIC_F timing__hold__tns__corner:nom_ss_100C_1v60 0.000000
nom_ss_100C_1v60: 0.000000
%OL_END_REPORT
%OL_CREATE_REPORT tns.max.rpt

===========================================================================
Total Negative Slack (Setup)
============================================================================
%OL_METRIC_F timing__setup__tns__corner:nom_ss_100C_1v60 0.000000
nom_ss_100C_1v60: 0.000000
%OL_END_REPORT
%OL_CREATE_REPORT wns.min.rpt

===========================================================================
Worst Negative Slack (Hold)
============================================================================
%OL_METRIC_F timing__hold__wns__corner:nom_ss_100C_1v60 0
nom_ss_100C_1v60: 0
%OL_END_REPORT
%OL_CREATE_REPORT wns.max.rpt

===========================================================================
Worst Negative Slack (Setup)
============================================================================
%OL_METRIC_F timing__setup__wns__corner:nom_ss_100C_1v60 0.0
nom_ss_100C_1v60: 0.0
%OL_END_REPORT
%OL_CREATE_REPORT violator_list.rpt

===========================================================================
Violator List
============================================================================
%OL_METRIC_I timing__hold_vio__count__corner:nom_ss_100C_1v60 0
%OL_METRIC_I timing__hold_r2r_vio__count__corner:nom_ss_100C_1v60 0
%OL_METRIC_I timing__setup_vio__count__corner:nom_ss_100C_1v60 0
%OL_METRIC_I timing__setup_r2r_vio__count__corner:nom_ss_100C_1v60 0
%OL_END_REPORT
Writing SDF files for all corners…
Writing timing models for all corners…
Writing timing models for the nom_ss_100C_1v60 corner to /foss/designs/system_verilog_converted_files/runs/RUN_2025-01-20_04-56-16/42-openroad-stapostpnr/nom_ss_100C_1v60/systolic_top_uart_4parallel_q8_24__nom_ss_100C_1v60.lib…
