
 /----------------------------------------------------------------------------\
 |                                                                            |
 |  yosys -- Yosys Open SYnthesis Suite                                       |
 |                                                                            |
 |  Copyright (C) 2012 - 2020  Claire Xenia Wolf <claire@yosyshq.com>         |
 |                                                                            |
 |  Permission to use, copy, modify, and/or distribute this software for any  |
 |  purpose with or without fee is hereby granted, provided that the above    |
 |  copyright notice and this permission notice appear in all copies.         |
 |                                                                            |
 |  THE SOFTWARE IS PROVIDED "AS IS" AND THE AUTHOR DISCLAIMS ALL WARRANTIES  |
 |  WITH REGARD TO THIS SOFTWARE INCLUDING ALL IMPLIED WARRANTIES OF          |
 |  MERCHANTABILITY AND FITNESS. IN NO EVENT SHALL THE AUTHOR BE LIABLE FOR   |
 |  ANY SPECIAL, DIRECT, INDIRECT, OR CONSEQUENTIAL DAMAGES OR ANY DAMAGES    |
 |  WHATSOEVER RESULTING FROM LOSS OF USE, DATA OR PROFITS, WHETHER IN AN     |
 |  ACTION OF CONTRACT, NEGLIGENCE OR OTHER TORTIOUS ACTION, ARISING OUT OF   |
 |  OR IN CONNECTION WITH THE USE OR PERFORMANCE OF THIS SOFTWARE.            |
 |                                                                            |
 \----------------------------------------------------------------------------/

 Yosys 0.34 (git sha1 4a1b55992, gcc 11.4.0-1ubuntu1~22.04 -fPIC -Os)

[TCL: yosys -import] Command name collision: found pre-existing command `cd' -> skip.
[TCL: yosys -import] Command name collision: found pre-existing command `eval' -> skip.
[TCL: yosys -import] Command name collision: found pre-existing command `exec' -> skip.
[TCL: yosys -import] Command name collision: found pre-existing command `read' -> skip.
[TCL: yosys -import] Command name collision: found pre-existing command `trace' -> skip.
Reading SCL library '/foss/pdks/sky130A/libs.ref/sky130_fd_sc_hd/lib/sky130_fd_sc_hd__tt_025C_1v80.lib' as a blackbox…

1. Executing Liberty frontend: /foss/pdks/sky130A/libs.ref/sky130_fd_sc_hd/lib/sky130_fd_sc_hd__tt_025C_1v80.lib
Imported 428 cell types from liberty file.

2. Executing Verilog-2005 frontend: overall.v
Parsing SystemVerilog input from `overall.v' to AST representation.
Generating RTLIL representation for module `\systolic_top_uart_4parallel_q8_24'.
Warning: wire '\states[0].state' is assigned in a block at overall.v:538.13-538.42.
Warning: wire '\states[0].k' is assigned in a block at overall.v:539.13-539.39.
Warning: wire '\states[0].busy' is assigned in a block at overall.v:540.13-540.42.
Warning: wire '\states[0].partial_sum' is assigned in a block at overall.v:541.13-541.40.
Warning: wire '\states[1].state' is assigned in a block at overall.v:538.13-538.42.
Warning: wire '\states[1].k' is assigned in a block at overall.v:539.13-539.39.
Warning: wire '\states[1].busy' is assigned in a block at overall.v:540.13-540.42.
Warning: wire '\states[1].partial_sum' is assigned in a block at overall.v:541.13-541.40.
Warning: wire '\states[2].state' is assigned in a block at overall.v:538.13-538.42.
Warning: wire '\states[2].k' is assigned in a block at overall.v:539.13-539.39.
Warning: wire '\states[2].busy' is assigned in a block at overall.v:540.13-540.42.
Warning: wire '\states[2].partial_sum' is assigned in a block at overall.v:541.13-541.40.
Warning: wire '\states[3].state' is assigned in a block at overall.v:538.13-538.42.
Warning: wire '\states[3].k' is assigned in a block at overall.v:539.13-539.39.
Warning: wire '\states[3].busy' is assigned in a block at overall.v:540.13-540.42.
Warning: wire '\states[3].partial_sum' is assigned in a block at overall.v:541.13-541.40.
Warning: wire '$unnamed_block$21.rx_st_tmp' is assigned in a block at overall.v:575.9-575.32.
Warning: wire '$unnamed_block$21.tx_st_tmp' is assigned in a block at overall.v:576.9-576.32.
Warning: wire '\uart_rx$func$overall' is assigned in a block at overall.v:381.17-381.39.
Warning: wire '\uart_rx$func$overall' is assigned in a block at overall.v:382.17-382.39.
Warning: wire '\uart_rx$func$overall' is assigned in a block at overall.v:383.17-383.39.
Warning: wire '\uart_rx$func$overall' is assigned in a block at overall.v:384.17-384.39.
Warning: wire '\uart_rx$func$overall' is assigned in a block at overall.v:387.19-388.30.
Warning: wire '\uart_rx$func$overall' is assigned in a block at overall.v:392.21-392.62.
Warning: wire '\uart_rx$func$overall' is assigned in a block at overall.v:396.17-396.39.
Warning: wire '\uart_rx$func$overall' is assigned in a block at overall.v:396.40-397.30.
Warning: wire '\uart_rx$func$overall' is assigned in a block at overall.v:399.21-399.37.
Warning: wire '\uart_tx$func$overall' is assigned in a block at overall.v:429.17-429.39.
Warning: wire '\uart_tx$func$overall' is assigned in a block at overall.v:430.17-430.39.
Warning: wire '\uart_tx$func$overall' is assigned in a block at overall.v:431.17-431.39.
Warning: wire '\uart_tx$func$overall' is assigned in a block at overall.v:432.17-432.42.
Warning: wire '\uart_tx$func$overall' is assigned in a block at overall.v:433.17-433.39.
Warning: wire '\uart_tx$func$overall' is assigned in a block at overall.v:434.17-434.39.
Warning: wire '\uart_tx$func$overall' is assigned in a block at overall.v:437.17-437.39.
Warning: wire '\uart_tx$func$overall' is assigned in a block at overall.v:438.17-438.39.
Warning: wire '\uart_tx$func$overall' is assigned in a block at overall.v:441.19-442.30.
Warning: wire '\uart_tx$func$overall' is assigned in a block at overall.v:444.17-444.39.
Warning: wire '\uart_tx$func$overall' is assigned in a block at overall.v:444.40-445.30.
Warning: wire '\uart_tx$func$overall' is assigned in a block at overall.v:447.21-447.50.
Warning: wire '\uart_tx$func$overall' is assigned in a block at overall.v:448.21-448.52.
Warning: wire '\uart_tx$func$overall' is assigned in a block at overall.v:451.21-451.37.
Warning: wire '\uart_tx$func$overall' is assigned in a block at overall.v:454.21-454.43.
Warning: wire '\uart_tx$func$overall' is assigned in a block at overall.v:455.21-455.43.
Warning: wire '\uart_tx$func$overall' is assigned in a block at overall.v:456.21-456.43.
Warning: wire '\uart_tx$func$overall' is assigned in a block at overall.v:457.21-457.43.
Warning: wire '\states[0].state' is assigned in a block at overall.v:681.21-681.62.
Warning: wire '\states[0].k' is assigned in a block at overall.v:682.21-682.62.
Warning: wire '\states[0].busy' is assigned in a block at overall.v:683.21-683.65.
Warning: wire '\states[0].partial_sum' is assigned in a block at overall.v:684.21-684.63.
Warning: wire '\states[1].state' is assigned in a block at overall.v:681.21-681.62.
Warning: wire '\states[1].k' is assigned in a block at overall.v:682.21-682.62.
Warning: wire '\states[1].busy' is assigned in a block at overall.v:683.21-683.65.
Warning: wire '\states[1].partial_sum' is assigned in a block at overall.v:684.21-684.63.
Warning: wire '\states[2].state' is assigned in a block at overall.v:681.21-681.62.
Warning: wire '\states[2].k' is assigned in a block at overall.v:682.21-682.62.
Warning: wire '\states[2].busy' is assigned in a block at overall.v:683.21-683.65.
Warning: wire '\states[2].partial_sum' is assigned in a block at overall.v:684.21-684.63.
Warning: wire '\states[3].state' is assigned in a block at overall.v:681.21-681.62.
Warning: wire '\states[3].k' is assigned in a block at overall.v:682.21-682.62.
Warning: wire '\states[3].busy' is assigned in a block at overall.v:683.21-683.65.
Warning: wire '\states[3].partial_sum' is assigned in a block at overall.v:684.21-684.63.
Warning: Replacing memory \q8_24_softmax$func$overall.v:323$289.local_array with list of registers. See overall.v:197, overall.v:192
Warning: Replacing memory \systolic_array$func$overall.v:669$252.localB with list of registers. See overall.v:296, overall.v:260
Warning: Replacing memory \systolic_array$func$overall.v:669$252.localA with list of registers. See overall.v:296, overall.v:259
Warning: Replacing memory \systolic_array$func$overall.v:669$252.localC with list of registers. See overall.v:295, overall.v:254
Warning: Replacing memory \q8_24_softmax$func$overall.v:323$215.local_array with list of registers. See overall.v:197, overall.v:192
Warning: Replacing memory \systolic_array$func$overall.v:660$178.localB with list of registers. See overall.v:296, overall.v:260
Warning: Replacing memory \systolic_array$func$overall.v:660$178.localA with list of registers. See overall.v:296, overall.v:259
Warning: Replacing memory \systolic_array$func$overall.v:660$178.localC with list of registers. See overall.v:295, overall.v:254
Warning: Replacing memory \q8_24_softmax$func$overall.v:323$141.local_array with list of registers. See overall.v:197, overall.v:192
Warning: Replacing memory \systolic_array$func$overall.v:651$104.localB with list of registers. See overall.v:296, overall.v:260
Warning: Replacing memory \systolic_array$func$overall.v:651$104.localA with list of registers. See overall.v:296, overall.v:259
Warning: Replacing memory \systolic_array$func$overall.v:651$104.localC with list of registers. See overall.v:295, overall.v:254
Warning: Replacing memory $unnamed_block$21.$unnamed_block$20.s_ps_out_arr with list of registers. See overall.v:648, overall.v:0
Warning: Replacing memory $unnamed_block$21.$unnamed_block$20.s_busy_out_arr with list of registers. See overall.v:648, overall.v:0
Warning: Replacing memory $unnamed_block$21.$unnamed_block$20.s_k_out_arr with list of registers. See overall.v:648, overall.v:0
Warning: Replacing memory $unnamed_block$21.$unnamed_block$20.s_state_out with list of registers. See overall.v:648, overall.v:0
Warning: Replacing memory $unnamed_block$21.$unnamed_block$20.done_flag with list of registers. See overall.v:646, overall.v:0
Warning: Replacing memory $unnamed_block$21.$unnamed_block$20.tempC with list of registers. See overall.v:646, overall.v:0
Warning: Replacing memory \q8_24_softmax$func$overall.v:323$67.local_array with list of registers. See overall.v:197, overall.v:192
Warning: Replacing memory \systolic_array$func$overall.v:642$30.localB with list of registers. See overall.v:296, overall.v:260
Warning: Replacing memory \systolic_array$func$overall.v:642$30.localA with list of registers. See overall.v:296, overall.v:259
Warning: Replacing memory \systolic_array$func$overall.v:642$30.localC with list of registers. See overall.v:295, overall.v:254
Warning: Replacing memory $unnamed_block$21.$unnamed_block$20.s_ps_in_arr with list of registers. See overall.v:647, overall.v:638
Warning: Replacing memory $unnamed_block$21.$unnamed_block$20.s_busy_in_arr with list of registers. See overall.v:647, overall.v:637
Warning: Replacing memory $unnamed_block$21.$unnamed_block$20.s_k_in_arr with list of registers. See overall.v:647, overall.v:636
Warning: Replacing memory $unnamed_block$21.$unnamed_block$20.s_state_in with list of registers. See overall.v:647, overall.v:635
overall.v:538: Warning: Identifier `\states[0].state' is implicitly declared.
overall.v:539: Warning: Identifier `\states[0].k' is implicitly declared.
overall.v:540: Warning: Identifier `\states[0].busy' is implicitly declared.
overall.v:541: Warning: Identifier `\states[0].partial_sum' is implicitly declared.
overall.v:538: Warning: Identifier `\states[1].state' is implicitly declared.
overall.v:539: Warning: Identifier `\states[1].k' is implicitly declared.
overall.v:540: Warning: Identifier `\states[1].busy' is implicitly declared.
overall.v:541: Warning: Identifier `\states[1].partial_sum' is implicitly declared.
overall.v:538: Warning: Identifier `\states[2].state' is implicitly declared.
overall.v:539: Warning: Identifier `\states[2].k' is implicitly declared.
overall.v:540: Warning: Identifier `\states[2].busy' is implicitly declared.
overall.v:541: Warning: Identifier `\states[2].partial_sum' is implicitly declared.
overall.v:538: Warning: Identifier `\states[3].state' is implicitly declared.
overall.v:539: Warning: Identifier `\states[3].k' is implicitly declared.
overall.v:540: Warning: Identifier `\states[3].busy' is implicitly declared.
overall.v:541: Warning: Identifier `\states[3].partial_sum' is implicitly declared.
overall.v:575: Warning: Identifier `$unnamed_block$21.rx_st_tmp' is implicitly declared.
overall.v:576: Warning: Identifier `$unnamed_block$21.tx_st_tmp' is implicitly declared.
overall.v:381: Warning: Identifier `\uart_rx$func$overall' is implicitly declared.
ERROR: Assert `chunk.offset + chunk.width <= chunk.wire->width' failed in kernel/rtlil.cc:4509.
