[INFO PSM-0040] All shapes on net VPWR are connected.
########## IR report #################
Net              : VPWR
Corner           : nom_tt_025C_1v80
Supply voltage   : 1.80e+00 V
Worstcase voltage: 1.80e+00 V
Average voltage  : 1.80e+00 V
Average IR drop  : 3.43e-10 V
Worstcase IR drop: 1.16e-06 V
Percentage drop  : 0.00 %
######################################
[INFO PSM-0040] All shapes on net VGND are connected.
########## IR report #################
Net              : VGND
Corner           : nom_tt_025C_1v80
Supply voltage   : 0.00e+00 V
Worstcase voltage: 6.02e-07 V
Average voltage  : 2.47e-10 V
Average IR drop  : 2.47e-10 V
Worstcase IR drop: 6.02e-07 V
Percentage drop  : 0.00 %
######################################
