Reading OpenROAD database at '/foss/designs/system_verilog_converted_files/runs/RUN_2025-01-20_04-56-16/21-openroad-generatepdn/systolic_top_uart_4parallel_q8_24.odb'…
Reading library file at '/foss/designs/system_verilog_converted_files/runs/RUN_2025-01-20_04-56-16/tmp/b11bfe85b72c4ef4b62ea99ebc48e95a.lib'…
Reading design constraints file at '/usr/local/lib/python3.10/dist-packages/openlane/scripts/base.sdc'…
[WARNING STA-0337] port 'clk' not found.
[INFO] Using clock clk…
[INFO] Setting output delay to: 4
[INFO] Setting input delay to: 4
[WARNING STA-0337] port 'clk' not found.
[INFO] Setting load to: 0.033442
[INFO] Setting clock uncertainty to: 0.25
[INFO] Setting clock transition to: 0.1499999999999999944488848768742172978818416595458984375
[WARNING STA-0559] transition time can not be specified for virtual clocks.
[INFO] Setting timing derate to: 5%
[WARNING STA-0376] cell 'sky130_fd_sc_hd__a2111oi_0' not found.
[WARNING STA-0376] cell 'sky130_fd_sc_hd__a21boi_0' not found.
[WARNING STA-0376] cell 'sky130_fd_sc_hd__and2_0' not found.
[WARNING STA-0376] cell 'sky130_fd_sc_hd__buf_16' not found.
[WARNING STA-0376] cell 'sky130_fd_sc_hd__clkdlybuf4s15_1' not found.
[WARNING STA-0376] cell 'sky130_fd_sc_hd__clkdlybuf4s18_1' not found.
[WARNING STA-0376] cell 'sky130_fd_sc_hd__fa_4' not found.
[WARNING STA-0376] cell 'sky130_fd_sc_hd__lpflow_bleeder_1' not found.
[WARNING STA-0376] cell 'sky130_fd_sc_hd__lpflow_clkbufkapwr_1' not found.
[WARNING STA-0376] cell 'sky130_fd_sc_hd__lpflow_clkbufkapwr_16' not found.
[WARNING STA-0376] cell 'sky130_fd_sc_hd__lpflow_clkbufkapwr_2' not found.
[WARNING STA-0376] cell 'sky130_fd_sc_hd__lpflow_clkbufkapwr_4' not found.
[WARNING STA-0376] cell 'sky130_fd_sc_hd__lpflow_clkbufkapwr_8' not found.
[WARNING STA-0376] cell 'sky130_fd_sc_hd__lpflow_clkinvkapwr_1' not found.
[WARNING STA-0376] cell 'sky130_fd_sc_hd__lpflow_clkinvkapwr_16' not found.
[WARNING STA-0376] cell 'sky130_fd_sc_hd__lpflow_clkinvkapwr_2' not found.
[WARNING STA-0376] cell 'sky130_fd_sc_hd__lpflow_clkinvkapwr_4' not found.
[WARNING STA-0376] cell 'sky130_fd_sc_hd__lpflow_clkinvkapwr_8' not found.
[WARNING STA-0376] cell 'sky130_fd_sc_hd__lpflow_decapkapwr_12' not found.
[WARNING STA-0376] cell 'sky130_fd_sc_hd__lpflow_decapkapwr_3' not found.
[WARNING STA-0376] cell 'sky130_fd_sc_hd__lpflow_decapkapwr_4' not found.
[WARNING STA-0376] cell 'sky130_fd_sc_hd__lpflow_decapkapwr_6' not found.
[WARNING STA-0376] cell 'sky130_fd_sc_hd__lpflow_decapkapwr_8' not found.
[WARNING STA-0376] cell 'sky130_fd_sc_hd__lpflow_inputiso0n_1' not found.
[WARNING STA-0376] cell 'sky130_fd_sc_hd__lpflow_inputiso0p_1' not found.
[WARNING STA-0376] cell 'sky130_fd_sc_hd__lpflow_inputiso1n_1' not found.
[WARNING STA-0376] cell 'sky130_fd_sc_hd__lpflow_inputiso1p_1' not found.
[WARNING STA-0376] cell 'sky130_fd_sc_hd__lpflow_inputisolatch_1' not found.
[WARNING STA-0376] cell 'sky130_fd_sc_hd__lpflow_isobufsrc_1' not found.
[WARNING STA-0376] cell 'sky130_fd_sc_hd__lpflow_isobufsrc_16' not found.
[WARNING STA-0376] cell 'sky130_fd_sc_hd__lpflow_isobufsrc_2' not found.
[WARNING STA-0376] cell 'sky130_fd_sc_hd__lpflow_isobufsrc_4' not found.
[WARNING STA-0376] cell 'sky130_fd_sc_hd__lpflow_isobufsrc_8' not found.
[WARNING STA-0376] cell 'sky130_fd_sc_hd__lpflow_isobufsrckapwr_16' not found.
[WARNING STA-0376] cell 'sky130_fd_sc_hd__lpflow_lsbuf_lh_hl_isowell_tap_1' not found.
[WARNING STA-0376] cell 'sky130_fd_sc_hd__lpflow_lsbuf_lh_hl_isowell_tap_2' not found.
[WARNING STA-0376] cell 'sky130_fd_sc_hd__lpflow_lsbuf_lh_hl_isowell_tap_4' not found.
[WARNING STA-0376] cell 'sky130_fd_sc_hd__lpflow_lsbuf_lh_isowell_4' not found.
[WARNING STA-0376] cell 'sky130_fd_sc_hd__lpflow_lsbuf_lh_isowell_tap_1' not found.
[WARNING STA-0376] cell 'sky130_fd_sc_hd__lpflow_lsbuf_lh_isowell_tap_2' not found.
[WARNING STA-0376] cell 'sky130_fd_sc_hd__lpflow_lsbuf_lh_isowell_tap_4' not found.
[WARNING STA-0376] cell 'sky130_fd_sc_hd__mux4_4' not found.
[WARNING STA-0376] cell 'sky130_fd_sc_hd__o21ai_0' not found.
[WARNING STA-0376] cell 'sky130_fd_sc_hd__o311ai_0' not found.
[WARNING STA-0376] cell 'sky130_fd_sc_hd__or2_0' not found.
[WARNING STA-0376] cell 'sky130_fd_sc_hd__probe_p_8' not found.
[WARNING STA-0376] cell 'sky130_fd_sc_hd__probec_p_8' not found.
[WARNING STA-0376] cell 'sky130_fd_sc_hd__xor3_1' not found.
[WARNING STA-0376] cell 'sky130_fd_sc_hd__xor3_2' not found.
[WARNING STA-0376] cell 'sky130_fd_sc_hd__xor3_4' not found.
[WARNING STA-0376] cell 'sky130_fd_sc_hd__xnor3_1' not found.
[WARNING STA-0376] cell 'sky130_fd_sc_hd__xnor3_2' not found.
[WARNING STA-0376] cell 'sky130_fd_sc_hd__xnor3_4' not found.
[WARNING RSZ-0014] wire capacitance for corner nom_tt_025C_1v80 is zero. Use the set_wire_rc command to set wire resistance and capacitance.
[WARNING STA-0357] virtual clock clk can not be propagated.
%OL_CREATE_REPORT min.rpt

===========================================================================
report_checks -path_delay min (Hold)
============================================================================
======================= nom_tt_025C_1v80 Corner ===================================

No paths found.

%OL_END_REPORT
%OL_CREATE_REPORT max.rpt

===========================================================================
report_checks -path_delay max (Setup)
============================================================================
======================= nom_tt_025C_1v80 Corner ===================================

No paths found.

%OL_END_REPORT
%OL_CREATE_REPORT checks.rpt

===========================================================================
report_checks -unconstrained
===========================================================================
======================= nom_tt_025C_1v80 Corner ===================================

Startpoint: start_in (input port clocked by clk)
Endpoint: _12_ (rising edge-triggered flip-flop)
Path Group: unconstrained
Path Type: max

Fanout         Cap        Slew       Delay        Time   Description
---------------------------------------------------------------------------------------------
                                  4.000000    4.000000 ^ input external delay
     2    0.004037    0.026020    0.014613    4.014613 ^ start_in (in)
                                                         start_in (net)
                      0.026020    0.000000    4.014613 ^ _07_/A_N (sky130_fd_sc_hd__and2b_2)
     1    0.002015    0.033794    0.191231    4.205844 v _07_/X (sky130_fd_sc_hd__and2b_2)
                                                         _05_ (net)
                      0.033794    0.000000    4.205844 v _08_/A (sky130_fd_sc_hd__buf_1)
     1    0.002233    0.024514    0.079379    4.285223 v _08_/X (sky130_fd_sc_hd__buf_1)
                                                         _00_ (net)
                      0.024514    0.000000    4.285223 v _12_/D (sky130_fd_sc_hd__dfstp_2)
                                              4.285223   data arrival time
---------------------------------------------------------------------------------------------
(Path is unconstrained)




===========================================================================
report_checks --slack_max -0.01
============================================================================
======================= nom_tt_025C_1v80 Corner ===================================

No paths found.


===========================================================================
 report_check_types -max_slew -max_cap -max_fanout -violators
============================================================================
======================= nom_tt_025C_1v80 Corner ===================================



===========================================================================
report_parasitic_annotation -report_unannotated
============================================================================
Found 26 unannotated drivers.
 clk_in
 opcode_in0
 opcode_in1
 opcode_in2
 opcode_in3
 rst_in
 start_in
 tx_in
 TIE_ZERO_zero_/HI
 TIE_ZERO_zero_/LO
 _06_/X
 _07_/X
 _08_/X
 _09_/Y
 _10_/Y
 _11_/Y
 _12_/Q
 _13_/Q
 _14_/Q
 _15_/X
 _16_/X
 _17_/X
 _18_/X
 _19_/X
 _20_/X
 _21_/X
Found 0 partially unannotated drivers.

===========================================================================
max slew violation count 0
Writing metric design__max_slew_violation__count__corner:nom_tt_025C_1v80: 0
max fanout violation count 0
Writing metric design__max_fanout_violation__count__corner:nom_tt_025C_1v80: 0
max cap violation count 0
Writing metric design__max_cap_violation__count__corner:nom_tt_025C_1v80: 0
============================================================================

===========================================================================
check_setup -verbose -unconstrained_endpoints -multiple_clock -no_clock -no_input_delay -loops -generated_clocks
===========================================================================
Warning: There are 3 unclocked register/latch pins.
  _12_/CLK
  _13_/CLK
  _14_/CLK
Warning: There are 11 unconstrained endpoints.
  busy_out
  done_out
  out4
  out5
  out6
  out7
  out8
  rx_out
  _12_/D
  _13_/D
  _14_/D
%OL_END_REPORT
%OL_CREATE_REPORT power.rpt

===========================================================================
 report_power
============================================================================
======================= nom_tt_025C_1v80 Corner ===================================

Group                    Internal    Switching      Leakage        Total
                            Power        Power        Power        Power (Watts)
------------------------------------------------------------------------
Sequential           3.181365e-07 0.000000e+00 3.491286e-11 3.181714e-07  65.4%
Combinational        7.961908e-08 8.621640e-08 7.078649e-11 1.659063e-07  34.1%
Clock                0.000000e+00 0.000000e+00 2.326361e-09 2.326361e-09   0.5%
Macro                0.000000e+00 0.000000e+00 0.000000e+00 0.000000e+00   0.0%
Pad                  0.000000e+00 0.000000e+00 0.000000e+00 0.000000e+00   0.0%
------------------------------------------------------------------------
Total                3.977556e-07 8.621640e-08 2.432061e-09 4.864041e-07 100.0%
                            81.8%        17.7%         0.5%
Writing metric power__internal__total: 3.9775562754584826e-7
Writing metric power__switching__total: 8.621639580042029e-8
Writing metric power__leakage__total: 2.4320614411266206e-9
Writing metric power__total: 4.864040761276556e-7

%OL_END_REPORT
%OL_CREATE_REPORT skew.min.rpt

===========================================================================
Clock Skew (Hold)
============================================================================
Writing metric clock__skew__worst_hold__corner:nom_tt_025C_1v80: 0.000000
======================= nom_tt_025C_1v80 Corner ===================================

Clock clk
No launch/capture paths found.

%OL_END_REPORT
%OL_CREATE_REPORT skew.max.rpt

===========================================================================
Clock Skew (Setup)
============================================================================
Writing metric clock__skew__worst_setup__corner:nom_tt_025C_1v80: 0.000000
======================= nom_tt_025C_1v80 Corner ===================================

Clock clk
No launch/capture paths found.

%OL_END_REPORT
%OL_CREATE_REPORT ws.min.rpt

===========================================================================
Worst Slack (Hold)
============================================================================
Writing metric timing__hold__ws__corner:nom_tt_025C_1v80: INF
nom_tt_025C_1v80: INF
%OL_END_REPORT
%OL_CREATE_REPORT ws.max.rpt

===========================================================================
Worst Slack (Setup)
============================================================================
Writing metric timing__setup__ws__corner:nom_tt_025C_1v80: INF
nom_tt_025C_1v80: INF
%OL_END_REPORT
%OL_CREATE_REPORT tns.min.rpt

===========================================================================
Total Negative Slack (Hold)
============================================================================
Writing metric timing__hold__tns__corner:nom_tt_025C_1v80: 0.000000
nom_tt_025C_1v80: 0.000000
%OL_END_REPORT
%OL_CREATE_REPORT tns.max.rpt

===========================================================================
Total Negative Slack (Setup)
============================================================================
Writing metric timing__setup__tns__corner:nom_tt_025C_1v80: 0.000000
nom_tt_025C_1v80: 0.000000
%OL_END_REPORT
%OL_CREATE_REPORT wns.min.rpt

===========================================================================
Worst Negative Slack (Hold)
============================================================================
Writing metric timing__hold__wns__corner:nom_tt_025C_1v80: 0
nom_tt_025C_1v80: 0
%OL_END_REPORT
%OL_CREATE_REPORT wns.max.rpt

===========================================================================
Worst Negative Slack (Setup)
============================================================================
Writing metric timing__setup__wns__corner:nom_tt_025C_1v80: 0.0
nom_tt_025C_1v80: 0.0
%OL_END_REPORT
%OL_CREATE_REPORT violator_list.rpt

===========================================================================
Violator List
============================================================================
Writing metric timing__hold_vio__count__corner:nom_tt_025C_1v80: 0
Writing metric timing__hold_r2r_vio__count__corner:nom_tt_025C_1v80: 0
Writing metric timing__setup_vio__count__corner:nom_tt_025C_1v80: 0
Writing metric timing__setup_r2r_vio__count__corner:nom_tt_025C_1v80: 0
%OL_END_REPORT
