Reading OpenROAD database at '/foss/designs/system_verilog_converted_files/runs/RUN_2025-01-20_04-34-08/21-openroad-globalplacementskipio/systolic_top_uart_4parallel_q8_24.odb'…
Reading library file at '/foss/pdks/sky130A/libs.ref/sky130_fd_sc_hd/lib/sky130_fd_sc_hd__tt_025C_1v80.lib'…
Reading design constraints file at '/usr/local/lib/python3.10/dist-packages/openlane/scripts/base.sdc'…
[WARNING STA-0366] port 'clk' not found.
[INFO] Using clock clk…
[INFO] Setting output delay to: 4
[INFO] Setting input delay to: 4
[WARNING STA-0366] port 'clk' not found.
[INFO] Setting load to: 0.033442
[INFO] Setting clock uncertainty to: 0.25
[INFO] Setting clock transition to: 0.1499999999999999944488848768742172978818416595458984375
[WARNING STA-0419] transition time can not be specified for virtual clocks.
[INFO] Setting timing derate to: 5%
[INFO] place_pins args: -min_distance 3
Found 0 macro blocks.
[INFO PPL-0010] Tentative 0 to set up sections.
[INFO PPL-0001] Number of slots           1210
[INFO PPL-0002] Number of I/O             16
[INFO PPL-0003] Number of I/O w/sink      11
[INFO PPL-0004] Number of I/O w/o sink    5
[INFO PPL-0005] Slots per section         200
[INFO PPL-0006] Slots increase factor     0.01
[INFO PPL-0008] Successfully assigned pins to sections.
[INFO PPL-0012] I/O nets HPWL: 5568.88 um.
Setting global connections for newly added cells…
[INFO] Setting global connections...
Writing OpenROAD database to '/foss/designs/system_verilog_converted_files/runs/RUN_2025-01-20_04-34-08/22-openroad-ioplacement/systolic_top_uart_4parallel_q8_24.odb'…
Writing netlist to '/foss/designs/system_verilog_converted_files/runs/RUN_2025-01-20_04-34-08/22-openroad-ioplacement/systolic_top_uart_4parallel_q8_24.nl.v'…
Writing powered netlist to '/foss/designs/system_verilog_converted_files/runs/RUN_2025-01-20_04-34-08/22-openroad-ioplacement/systolic_top_uart_4parallel_q8_24.pnl.v'…
Writing layout to '/foss/designs/system_verilog_converted_files/runs/RUN_2025-01-20_04-34-08/22-openroad-ioplacement/systolic_top_uart_4parallel_q8_24.def'…
Writing timing constraints to '/foss/designs/system_verilog_converted_files/runs/RUN_2025-01-20_04-34-08/22-openroad-ioplacement/systolic_top_uart_4parallel_q8_24.sdc'…
