Reading technology LEF file at '/foss/pdks/sky130A/libs.ref/sky130_fd_sc_hd/techlef/sky130_fd_sc_hd__max.tlef'…
[INFO ODB-0227] LEF file: /foss/pdks/sky130A/libs.ref/sky130_fd_sc_hd/techlef/sky130_fd_sc_hd__max.tlef, created 13 layers, 25 vias
Reading cell LEF file at '/foss/pdks/sky130A/libs.ref/sky130_fd_sc_hd/lef/sky130_ef_sc_hd.lef'…
[WARNING ODB-0220] WARNING (LEFPARS-2008): NOWIREEXTENSIONATPIN statement is obsolete in version 5.6 or later.
The NOWIREEXTENSIONATPIN statement will be ignored. See file /foss/pdks/sky130A/libs.ref/sky130_fd_sc_hd/lef/sky130_ef_sc_hd.lef at line 2.

[INFO ODB-0227] LEF file: /foss/pdks/sky130A/libs.ref/sky130_fd_sc_hd/lef/sky130_ef_sc_hd.lef, created 4 library cells
Reading cell LEF file at '/foss/pdks/sky130A/libs.ref/sky130_fd_sc_hd/lef/sky130_fd_sc_hd.lef'…
[WARNING ODB-0220] WARNING (LEFPARS-2008): NOWIREEXTENSIONATPIN statement is obsolete in version 5.6 or later.
The NOWIREEXTENSIONATPIN statement will be ignored. See file /foss/pdks/sky130A/libs.ref/sky130_fd_sc_hd/lef/sky130_fd_sc_hd.lef at line 2.

[INFO ODB-0227] LEF file: /foss/pdks/sky130A/libs.ref/sky130_fd_sc_hd/lef/sky130_fd_sc_hd.lef, created 437 library cells
[INFO ODB-0127] Reading DEF file: /foss/designs/system_verilog_converted_files/runs/RUN_2025-01-20_04-34-08/48-openroad-fillinsertion/systolic_top_uart_4parallel_q8_24.def
[INFO ODB-0128] Design: systolic_top_uart_4parallel_q8_24
[INFO ODB-0130]     Created 18 pins.
[INFO ODB-0131]     Created 97925 components and 363963 component-terminals.
[INFO ODB-0132]     Created 2 special nets and 363904 connections.
[INFO ODB-0133]     Created 33 nets and 52 connections.
[INFO ODB-0134] Finished DEF file: /foss/designs/system_verilog_converted_files/runs/RUN_2025-01-20_04-34-08/48-openroad-fillinsertion/systolic_top_uart_4parallel_q8_24.def
Using RCX ruleset '/foss/pdks/sky130A/libs.tech/openlane/rules.openrcx.sky130A.max.calibre'…
[INFO RCX-0431] Defined process_corner CURRENT_CORNER with ext_model_index 0
[INFO RCX-0029] Defined extraction corner CURRENT_CORNER
[INFO RCX-0008] extracting parasitics of systolic_top_uart_4parallel_q8_24 ...
[INFO RCX-0435] Reading extraction model file /foss/pdks/sky130A/libs.tech/openlane/rules.openrcx.sky130A.max.calibre ...
[INFO RCX-0436] RC segment generation systolic_top_uart_4parallel_q8_24 (max_merge_res 50.0) ...
[INFO RCX-0040] Final 65 rc segments
[INFO RCX-0439] Coupling Cap extraction systolic_top_uart_4parallel_q8_24 ...
[INFO RCX-0440] Coupling threshhold is 0.1000 fF, coupling capacitance less than 0.1000 fF will be grounded.
[INFO RCX-0043] 19239 wires to be extracted
[INFO RCX-0442] 45% completion -- 8837 wires have been extracted
[INFO RCX-0442] 99% completion -- 19138 wires have been extracted
[INFO RCX-0045] Extract 33 nets, 93 rsegs, 93 caps, 68 ccs
[INFO RCX-0015] Finished extracting systolic_top_uart_4parallel_q8_24.
Setting global connections for newly added cells…
[INFO] Setting global connections...
Writing extracted parasitics to '/foss/designs/system_verilog_converted_files/runs/RUN_2025-01-20_04-34-08/49-openroad-rcx/max/systolic_top_uart_4parallel_q8_24.max.spef'…
[INFO RCX-0016] Writing SPEF ...
[INFO RCX-0443] 33 nets finished
[INFO RCX-0017] Finished writing SPEF ...
