Reading OpenROAD database at '/foss/designs/system_verilog_converted_files/runs/RUN_2025-01-20_04-56-16/14-openroad-tapendcapinsertion/systolic_top_uart_4parallel_q8_24.odb'…
Reading library file at '/foss/designs/system_verilog_converted_files/runs/RUN_2025-01-20_04-56-16/tmp/b11bfe85b72c4ef4b62ea99ebc48e95a.lib'…
Reading design constraints file at '/usr/local/lib/python3.10/dist-packages/openlane/scripts/base.sdc'…
[WARNING STA-0337] port 'clk' not found.
[INFO] Using clock clk…
[INFO] Setting output delay to: 4
[INFO] Setting input delay to: 4
[WARNING STA-0337] port 'clk' not found.
[INFO] Setting load to: 0.033442
[INFO] Setting clock uncertainty to: 0.25
[INFO] Setting clock transition to: 0.1499999999999999944488848768742172978818416595458984375
[WARNING STA-0559] transition time can not be specified for virtual clocks.
[INFO] Setting timing derate to: 5%
[WARNING STA-0376] cell 'sky130_fd_sc_hd__a2111oi_0' not found.
[WARNING STA-0376] cell 'sky130_fd_sc_hd__a21boi_0' not found.
[WARNING STA-0376] cell 'sky130_fd_sc_hd__and2_0' not found.
[WARNING STA-0376] cell 'sky130_fd_sc_hd__buf_16' not found.
[WARNING STA-0376] cell 'sky130_fd_sc_hd__clkdlybuf4s15_1' not found.
[WARNING STA-0376] cell 'sky130_fd_sc_hd__clkdlybuf4s18_1' not found.
[WARNING STA-0376] cell 'sky130_fd_sc_hd__fa_4' not found.
[WARNING STA-0376] cell 'sky130_fd_sc_hd__lpflow_bleeder_1' not found.
[WARNING STA-0376] cell 'sky130_fd_sc_hd__lpflow_clkbufkapwr_1' not found.
[WARNING STA-0376] cell 'sky130_fd_sc_hd__lpflow_clkbufkapwr_16' not found.
[WARNING STA-0376] cell 'sky130_fd_sc_hd__lpflow_clkbufkapwr_2' not found.
[WARNING STA-0376] cell 'sky130_fd_sc_hd__lpflow_clkbufkapwr_4' not found.
[WARNING STA-0376] cell 'sky130_fd_sc_hd__lpflow_clkbufkapwr_8' not found.
[WARNING STA-0376] cell 'sky130_fd_sc_hd__lpflow_clkinvkapwr_1' not found.
[WARNING STA-0376] cell 'sky130_fd_sc_hd__lpflow_clkinvkapwr_16' not found.
[WARNING STA-0376] cell 'sky130_fd_sc_hd__lpflow_clkinvkapwr_2' not found.
[WARNING STA-0376] cell 'sky130_fd_sc_hd__lpflow_clkinvkapwr_4' not found.
[WARNING STA-0376] cell 'sky130_fd_sc_hd__lpflow_clkinvkapwr_8' not found.
[WARNING STA-0376] cell 'sky130_fd_sc_hd__lpflow_decapkapwr_12' not found.
[WARNING STA-0376] cell 'sky130_fd_sc_hd__lpflow_decapkapwr_3' not found.
[WARNING STA-0376] cell 'sky130_fd_sc_hd__lpflow_decapkapwr_4' not found.
[WARNING STA-0376] cell 'sky130_fd_sc_hd__lpflow_decapkapwr_6' not found.
[WARNING STA-0376] cell 'sky130_fd_sc_hd__lpflow_decapkapwr_8' not found.
[WARNING STA-0376] cell 'sky130_fd_sc_hd__lpflow_inputiso0n_1' not found.
[WARNING STA-0376] cell 'sky130_fd_sc_hd__lpflow_inputiso0p_1' not found.
[WARNING STA-0376] cell 'sky130_fd_sc_hd__lpflow_inputiso1n_1' not found.
[WARNING STA-0376] cell 'sky130_fd_sc_hd__lpflow_inputiso1p_1' not found.
[WARNING STA-0376] cell 'sky130_fd_sc_hd__lpflow_inputisolatch_1' not found.
[WARNING STA-0376] cell 'sky130_fd_sc_hd__lpflow_isobufsrc_1' not found.
[WARNING STA-0376] cell 'sky130_fd_sc_hd__lpflow_isobufsrc_16' not found.
[WARNING STA-0376] cell 'sky130_fd_sc_hd__lpflow_isobufsrc_2' not found.
[WARNING STA-0376] cell 'sky130_fd_sc_hd__lpflow_isobufsrc_4' not found.
[WARNING STA-0376] cell 'sky130_fd_sc_hd__lpflow_isobufsrc_8' not found.
[WARNING STA-0376] cell 'sky130_fd_sc_hd__lpflow_isobufsrckapwr_16' not found.
[WARNING STA-0376] cell 'sky130_fd_sc_hd__lpflow_lsbuf_lh_hl_isowell_tap_1' not found.
[WARNING STA-0376] cell 'sky130_fd_sc_hd__lpflow_lsbuf_lh_hl_isowell_tap_2' not found.
[WARNING STA-0376] cell 'sky130_fd_sc_hd__lpflow_lsbuf_lh_hl_isowell_tap_4' not found.
[WARNING STA-0376] cell 'sky130_fd_sc_hd__lpflow_lsbuf_lh_isowell_4' not found.
[WARNING STA-0376] cell 'sky130_fd_sc_hd__lpflow_lsbuf_lh_isowell_tap_1' not found.
[WARNING STA-0376] cell 'sky130_fd_sc_hd__lpflow_lsbuf_lh_isowell_tap_2' not found.
[WARNING STA-0376] cell 'sky130_fd_sc_hd__lpflow_lsbuf_lh_isowell_tap_4' not found.
[WARNING STA-0376] cell 'sky130_fd_sc_hd__mux4_4' not found.
[WARNING STA-0376] cell 'sky130_fd_sc_hd__o21ai_0' not found.
[WARNING STA-0376] cell 'sky130_fd_sc_hd__o311ai_0' not found.
[WARNING STA-0376] cell 'sky130_fd_sc_hd__or2_0' not found.
[WARNING STA-0376] cell 'sky130_fd_sc_hd__probe_p_8' not found.
[WARNING STA-0376] cell 'sky130_fd_sc_hd__probec_p_8' not found.
[WARNING STA-0376] cell 'sky130_fd_sc_hd__xor3_1' not found.
[WARNING STA-0376] cell 'sky130_fd_sc_hd__xor3_2' not found.
[WARNING STA-0376] cell 'sky130_fd_sc_hd__xor3_4' not found.
[WARNING STA-0376] cell 'sky130_fd_sc_hd__xnor3_1' not found.
[WARNING STA-0376] cell 'sky130_fd_sc_hd__xnor3_2' not found.
[WARNING STA-0376] cell 'sky130_fd_sc_hd__xnor3_4' not found.
[INFO] Setting RC values…
[INFO] Setting signal min routing layer to: met1 and clock min routing layer to met1. 
[INFO] Setting signal max routing layer to: met5 and clock max routing layer to met5. 
[WARNING GPL-0150] -skip_io will disable timing driven mode.
[WARNING GPL-0151] -skip_io will disable routability driven mode.
[INFO GPL-0002] DBU: 1000
[INFO GPL-0003] SiteSize: 460 2720
[INFO GPL-0004] CoreAreaLxLy: 2760 10880
[INFO GPL-0005] CoreAreaUxUy: 996820 987360
[INFO GPL-0006] NumInstances: 14633
[INFO GPL-0007] NumPlaceInstances: 17
[INFO GPL-0008] NumFixedInstances: 14616
[INFO GPL-0009] NumDummyInstances: 0
[INFO GPL-0010] NumNets: 25
[INFO GPL-0011] NumPins: 42
[INFO GPL-0012] DieAreaLxLy: 0 0
[INFO GPL-0013] DieAreaUxUy: 1000000 1000000
[INFO GPL-0014] CoreAreaLxLy: 2760 10880
[INFO GPL-0015] CoreAreaUxUy: 996820 987360
[INFO GPL-0016] CoreArea: 970679708800
[INFO GPL-0017] NonPlaceInstsArea: 20084262400
[INFO GPL-0018] PlaceInstsArea: 150144000
[INFO GPL-0019] Util(%): 0.02
[INFO GPL-0020] StdInstsArea: 150144000
[INFO GPL-0021] MacroInstsArea: 0
[INFO GPL-0031] FillerInit: NumGCells: 42976
[INFO GPL-0032] FillerInit: NumGNets: 25
[INFO GPL-0033] FillerInit: NumGPins: 42
[INFO GPL-0023] TargetDensity: 0.35
[INFO GPL-0024] AveragePlaceInstArea: 8832000
[INFO GPL-0025] IdealBinArea: 25234286
[INFO GPL-0026] IdealBinCnt: 38466
[INFO GPL-0027] TotalBinArea: 970679708800
[INFO GPL-0028] BinCnt: 128 128
[INFO GPL-0029] BinSize: 7767 7629
[INFO GPL-0030] NumBins: 16384
[NesterovSolve] Iter: 1 overflow: 0.463736 HPWL: 28932
[NesterovSolve] Iter: 10 overflow: 0.463736 HPWL: 24549
[NesterovSolve] Iter: 20 overflow: 0.463736 HPWL: 24421
[NesterovSolve] Iter: 30 overflow: 0.463736 HPWL: 24410
[NesterovSolve] Iter: 40 overflow: 0.463736 HPWL: 24407
[NesterovSolve] Iter: 50 overflow: 0.463736 HPWL: 24410
[NesterovSolve] Iter: 60 overflow: 0.463736 HPWL: 24407
[NesterovSolve] Iter: 70 overflow: 0.463736 HPWL: 24406
[NesterovSolve] Iter: 80 overflow: 0.463736 HPWL: 24405
[NesterovSolve] Iter: 90 overflow: 0.463736 HPWL: 24406
[NesterovSolve] Iter: 100 overflow: 0.463736 HPWL: 24409
[NesterovSolve] Iter: 110 overflow: 0.463736 HPWL: 24404
[NesterovSolve] Iter: 120 overflow: 0.463736 HPWL: 24389
[NesterovSolve] Iter: 130 overflow: 0.463736 HPWL: 24418
[NesterovSolve] Iter: 140 overflow: 0.463736 HPWL: 24496
[NesterovSolve] Iter: 150 overflow: 0.463736 HPWL: 24636
[NesterovSolve] Iter: 160 overflow: 0.463736 HPWL: 24959
[NesterovSolve] Iter: 170 overflow: 0.463736 HPWL: 25618
[NesterovSolve] Iter: 180 overflow: 0.463736 HPWL: 27172
[NesterovSolve] Iter: 190 overflow: 0.463736 HPWL: 29755
[NesterovSolve] Iter: 200 overflow: 0.463736 HPWL: 33957
[NesterovSolve] Iter: 210 overflow: 0.463736 HPWL: 40667
[NesterovSolve] Iter: 220 overflow: 0.463372 HPWL: 51065
[NesterovSolve] Iter: 230 overflow: 0.45476 HPWL: 66161
[NesterovSolve] Iter: 240 overflow: 0.439591 HPWL: 81183
[NesterovSolve] Iter: 250 overflow: 0.436413 HPWL: 82254
[NesterovSolve] Iter: 260 overflow: 0.424139 HPWL: 79192
[NesterovSolve] Iter: 270 overflow: 0.404824 HPWL: 79957
[NesterovSolve] Iter: 280 overflow: 0.41358 HPWL: 73645
[NesterovSolve] Iter: 290 overflow: 0.431281 HPWL: 51854
[NesterovSolve] Iter: 300 overflow: 0.415186 HPWL: 68743
[NesterovSolve] Iter: 310 overflow: 0.42266 HPWL: 56628
[NesterovSolve] Iter: 320 overflow: 0.409558 HPWL: 57629
[NesterovSolve] Iter: 330 overflow: 0.378974 HPWL: 50583
[NesterovSolve] Iter: 340 overflow: 0.281708 HPWL: 63051
[NesterovSolve] Iter: 350 overflow: 0.213408 HPWL: 80217
[NesterovSolve] Iter: 360 overflow: 0.205665 HPWL: 96938
[NesterovSolve] Iter: 370 overflow: 0.230302 HPWL: 76359
[NesterovSolve] Iter: 380 overflow: 0.236861 HPWL: 68148
[NesterovSolve] Iter: 390 overflow: 0.23512 HPWL: 67802
[NesterovSolve] Iter: 400 overflow: 0.230346 HPWL: 68287
[NesterovSolve] Iter: 410 overflow: 0.223727 HPWL: 77689
[NesterovSolve] Iter: 420 overflow: 0.213654 HPWL: 88118
[NesterovSolve] Iter: 430 overflow: 0.182548 HPWL: 109805
[NesterovSolve] Iter: 440 overflow: 0.1115 HPWL: 152372
[NesterovSolve] Iter: 450 overflow: 0.138131 HPWL: 150018
[NesterovSolve] Finished with Overflow: 0.085250
[INFO] Setting RC values…
Setting global connections for newly added cells…
[INFO] Setting global connections...
Writing OpenROAD database to '/foss/designs/system_verilog_converted_files/runs/RUN_2025-01-20_04-56-16/15-openroad-globalplacementskipio/systolic_top_uart_4parallel_q8_24.odb'…
Writing netlist to '/foss/designs/system_verilog_converted_files/runs/RUN_2025-01-20_04-56-16/15-openroad-globalplacementskipio/systolic_top_uart_4parallel_q8_24.nl.v'…
Writing powered netlist to '/foss/designs/system_verilog_converted_files/runs/RUN_2025-01-20_04-56-16/15-openroad-globalplacementskipio/systolic_top_uart_4parallel_q8_24.pnl.v'…
Writing layout to '/foss/designs/system_verilog_converted_files/runs/RUN_2025-01-20_04-56-16/15-openroad-globalplacementskipio/systolic_top_uart_4parallel_q8_24.def'…
Writing timing constraints to '/foss/designs/system_verilog_converted_files/runs/RUN_2025-01-20_04-56-16/15-openroad-globalplacementskipio/systolic_top_uart_4parallel_q8_24.sdc'…
