01/12/25 00:15:01: Running xcd server. This server was built by gradle.
01/12/25 00:15:01: Server was asked to start on port: '55296'
01/12/25 00:15:01: Server is using token UUID: 'a07a4447-9b4b-480f-96b3-8f5dcb15430d'
01/12/25 00:15:01: SESSION_MGR: creating session with session uuid: '6d04a3e9-ade5-4ab9-8d63-1f78fcd2ec76' and name 'default'
01/12/25 00:15:01: Attempting to start server on port '55296'
01/12/25 00:15:01: Running Dispatch Server
01/12/25 00:15:01: Version 2.2.0
01/12/25 00:15:02: Dispatch Server: Accepted socket connection from client
01/12/25 00:15:02: Starting Socket connection
01/12/25 00:15:02: EXCHANGE_TOKEN received, server token: a07a4447-9b4b-480f-96b3-8f5dcb15430d, passed token: a07a4447-9b4b-480f-96b3-8f5dcb15430d
01/12/25 00:15:02: DISPATCH_HANDLER: Adding handler from function makeHandler in library xv_system_diagram
01/12/25 00:15:02: SESSION_MGR: creating session with session uuid: '9a6aefd1-ac8d-461d-9d21-0371537a7443' and name 'vitis-run_compile_ultra_experimental_accelerator'
01/12/25 00:15:02: KERNEL_SVC: creating session with uuid: '9a6aefd1-ac8d-461d-9d21-0371537a7443' and name 'vitis-run_compile_ultra_experimental_accelerator'
01/12/25 00:15:02: GUIDANCE_SMGR: creating guidance session with uuid: '9a6aefd1-ac8d-461d-9d21-0371537a7443' and name 'vitis-run_compile_ultra_experimental_accelerator'
01/12/25 00:15:02: SYSTEM_DIAGRAM: creating session with uuid: '9a6aefd1-ac8d-461d-9d21-0371537a7443' and name 'vitis-run_compile_ultra_experimental_accelerator'
01/12/25 00:15:19: Dispatch Server: Accepted socket connection from client
01/12/25 00:15:19: Starting Socket connection
01/12/25 00:16:34: SESSION_MGR: closing session for UUID '9a6aefd1-ac8d-461d-9d21-0371537a7443' with name 'vitis-run_compile_ultra_experimental_accelerator'
01/12/25 00:16:34: KERNEL_SVC: closing session for UUID '9a6aefd1-ac8d-461d-9d21-0371537a7443' with name 'vitis-run_compile_ultra_experimental_accelerator'
01/12/25 00:16:34: GUIDANCE_SMGR: closing session for UUID '9a6aefd1-ac8d-461d-9d21-0371537a7443' with name 'vitis-run_compile_ultra_experimental_accelerator'
01/12/25 00:16:34: SYSTEM_DIAGRAM: closing session for UUID '9a6aefd1-ac8d-461d-9d21-0371537a7443' with name 'vitis-run_compile_ultra_experimental_accelerator'
01/12/25 00:16:34: STOP_SERVER received, server token: a07a4447-9b4b-480f-96b3-8f5dcb15430d, passed token: a07a4447-9b4b-480f-96b3-8f5dcb15430d
01/12/25 00:16:34: Socket received request to stop server.
01/12/25 00:16:34: Dispatch Server: do_await_stop
01/12/25 00:16:34: SERVER: destructor for server bound to port 55296
