53. Printing statistics.

=== systolic_top_uart_4parallel_q8_24 ===

   Number of wires:                 24
   Number of wire bits:             25
   Number of public wires:          18
   Number of public wire bits:      19
   Number of ports:                 16
   Number of port bits:             16
   Number of memories:               0
   Number of memory bits:            0
   Number of processes:              0
   Number of cells:                  9
     $_ANDNOT_                       1
     $_AND_                          1
     $_MUX_                          1
     $_NOT_                          3
     sky130_fd_sc_hd__dfrtp_2        2
     sky130_fd_sc_hd__dfstp_2        1

   Area for cell type $_NOT_ is unknown!
   Area for cell type $_AND_ is unknown!
   Area for cell type $_ANDNOT_ is unknown!
   Area for cell type $_MUX_ is unknown!

   Chip area for module '\systolic_top_uart_4parallel_q8_24': 78.825600
     of which used for sequential elements: 78.825600 (100.00%)

